[async_value_nullable_pattern] 2025-10-23T16:30:34.289298 Plugin async_value_nullable_pattern threw while analyzing /Users/xiaofeng/Documents/program/flutter_eg_1/lib/config/router.dart:
[async_value_nullable_pattern] 2025-10-23T16:30:34.289298 Null check operator used on a null value
[async_value_nullable_pattern] 2025-10-23T16:30:34.289298 #0      RequiredParametersVerifier._check (package:analyzer/src/error/required_parameters_verifier.dart:147:46)
[async_value_nullable_pattern] 2025-10-23T16:30:34.289298 #1      RequiredParametersVerifier.visitInstanceCreationExpression (package:analyzer/src/error/required_parameters_verifier.dart:83:5)
[async_value_nullable_pattern] 2025-10-23T16:30:34.289298 #2      ErrorVerifier.visitInstanceCreationExpression (package:analyzer/src/generated/error_verifier.dart:1154:35)
[async_value_nullable_pattern] 2025-10-23T16:30:34.289298 #3      InstanceCreationExpressionImpl.accept (package:analyzer/src/dart/ast/ast.dart:13812:15)
[async_value_nullable_pattern] 2025-10-23T16:30:34.289298 #4      ReturnStatementImpl.visitChildren (package:analyzer/src/dart/ast/ast.dart:21124:17)
[async_value_nullable_pattern] 2025-10-23T16:30:34.289298 #5      RecursiveAstVisitor.visitReturnStatement (package:analyzer/dart/ast/visitor.g.dart:1557:10)
[async_value_nullable_pattern] 2025-10-23T16:30:34.289298 #6      ErrorVerifier.visitReturnStatement (package:analyzer/src/generated/error_verifier.dart:1445:11)
[async_value_nullable_pattern] 2025-10-23T16:30:34.289298 #7      ReturnStatementImpl.accept (package:analyzer/src/dart/ast/ast.dart:21119:50)
[async_value_nullable_pattern] 2025-10-23T16:30:34.289298 #8      NodeListImpl.accept (package:analyzer/src/dart/ast/ast.dart:17347:20)
[async_value_nullable_pattern] 2025-10-23T16:30:34.289298 #9      BlockImpl.visitChildren (package:analyzer/src/dart/ast/ast.dart:1947:16)
[async_value_nullable_pattern] 2025-10-23T16:30:34.289298 #10     RecursiveAstVisitor.visitBlock (package:analyzer/dart/ast/visitor.g.dart:779:10)
[async_value_nullable_pattern] 2025-10-23T16:30:34.289298 #11     ErrorVerifier.visitBlock.<anonymous closure> (package:analyzer/src/generated/error_verifier.dart:449:13)
[async_value_nullable_pattern] 2025-10-23T16:30:34.289298 #12     ErrorVerifier._withHiddenElements (package:analyzer/src/generated/error_verifier.dart:6377:8)
[async_value_nullable_pattern] 2025-10-23T16:30:34.289298 #13     ErrorVerifier.visitBlock (package:analyzer/src/generated/error_verifier.dart:447:5)
[async_value_nullable_pattern] 2025-10-23T16:30:34.289298 #14     BlockImpl.accept (package:analyzer/src/dart/ast/ast.dart:1942:50)
[async_value_nullable_pattern] 2025-10-23T16:30:34.289298 #15     BlockFunctionBodyImpl.visitChildren (package:analyzer/src/dart/ast/ast.dart:1876:11)
[async_value_nullable_pattern] 2025-10-23T16:30:34.289298 #16     RecursiveAstVisitor.visitBlockFunctionBody (package:analyzer/dart/ast/visitor.g.dart:785:10)
[async_value_nullable_pattern] 2025-10-23T16:30:34.289298 #17     ErrorVerifier.visitBlockFunctionBody (package:analyzer/src/generated/error_verifier.dart:458:13)
[async_value_nullable_pattern] 2025-10-23T16:30:34.289298 #18     BlockFunctionBodyImpl.accept (package:analyzer/src/dart/ast/ast.dart:1867:50)
[async_value_nullable_pattern] 2025-10-23T16:30:34.289298 #19     FunctionExpressionImpl.visitChildren (package:analyzer/src/dart/ast/ast.dart:11161:10)
[async_value_nullable_pattern] 2025-10-23T16:30:34.289298 #20     RecursiveAstVisitor.visitFunctionExpression (package:analyzer/dart/ast/visitor.g.dart:1129:10)
[async_value_nullable_pattern] 2025-10-23T16:30:34.289298 #21     ErrorVerifier.visitFunctionExpression.<anonymous closure> (package:analyzer/src/generated/error_verifier.dart:1023:17)
[async_value_nullable_pattern] 2025-10-23T16:30:34.289298 #22     ErrorVerifier._withEnclosingExecutable (package:analyzer/src/generated/error_verifier.dart:6367:16)
[async_value_nullable_pattern] 2025-10-23T16:30:34.289298 #23     ErrorVerifier.visitFunctionExpression (package:analyzer/src/generated/error_verifier.dart:1020:7)
[async_value_nullable_pattern] 2025-10-23T16:30:34.289298 #24     FunctionExpressionImpl.accept (package:analyzer/src/dart/ast/ast.dart:11148:50)
[async_value_nullable_pattern] 2025-10-23T16:30:34.289298 #25     NamedExpressionImpl.visitChildren (package:analyzer/src/dart/ast/ast.dart:16779:16)
[async_value_nullable_pattern] 2025-10-23T16:30:34.289298 #26     RecursiveAstVisitor.visitNamedExpression (package:analyzer/dart/ast/visitor.g.dart:1345:10)
[async_value_nullable_pattern] 2025-10-23T16:30:34.289298 #27     NamedExpressionImpl.accept (package:analyzer/src/dart/ast/ast.dart:16767:50)
[async_value_nullable_pattern] 2025-10-23T16:30:34.289298 #28     NodeListImpl.accept (package:analyzer/src/dart/ast/ast.dart:17347:20)
[async_value_nullable_pattern] 2025-10-23T16:30:34.289298 #29     ArgumentListImpl.visitChildren (package:analyzer/src/dart/ast/ast.dart:588:15)
[async_value_nullable_pattern] 2025-10-23T16:30:34.289298 #30     RecursiveAstVisitor.visitArgumentList (package:analyzer/dart/ast/visitor.g.dart:731:10)
[async_value_nullable_pattern] 2025-10-23T16:30:34.289298 #31     ArgumentListImpl.accept (package:analyzer/src/dart/ast/ast.dart:583:50)
[async_value_nullable_pattern] 2025-10-23T16:30:34.289298 #32     InstanceCreationExpressionImpl.visitChildren (package:analyzer/src/dart/ast/ast.dart:13825:18)
[async_value_nullable_pattern] 2025-10-23T16:30:34.289298 #33     RecursiveAstVisitor.visitInstanceCreationExpression (package:analyzer/dart/ast/visitor.g.dart:1225:10)
[async_value_nullable_pattern] 2025-10-23T16:30:34.289298 #34     ErrorVerifier.visitInstanceCreationExpression (package:analyzer/src/generated/error_verifier.dart:1173:11)
[async_value_nullable_pattern] 2025-10-23T16:30:34.289298 #35     InstanceCreationExpressionImpl.accept (package:analyzer/src/dart/ast/ast.dart:13812:15)
[async_value_nullable_pattern] 2025-10-23T16:30:34.289298 #36     NodeListImpl.accept (package:analyzer/src/dart/ast/ast.dart:17347:20)
[async_value_nullable_pattern] 2025-10-23T16:30:34.289298 #37     ListLiteralImpl.visitChildren (package:analyzer/src/dart/ast/ast.dart:14907:14)
[async_value_nullable_pattern] 2025-10-23T16:30:34.289298 #38     RecursiveAstVisitor.visitListLiteral (package:analyzer/dart/ast/visitor.g.dart:1279:10)
[async_value_nullable_pattern] 2025-10-23T16:30:34.289298 #39     ErrorVerifier.visitListLiteral (package:analyzer/src/generated/error_verifier.dart:1200:11)
[async_value_nullable_pattern] 2025-10-23T16:30:34.289298 #40     ListLiteralImpl.accept (package:analyzer/src/dart/ast/ast.dart:14895:50)
[async_value_nullable_pattern] 2025-10-23T16:30:34.289298 #41     NamedExpressionImpl.visitChildren (package:analyzer/src/dart/ast/ast.dart:16779:16)
[async_value_nullable_pattern] 2025-10-23T16:30:34.289298 #42     RecursiveAstVisitor.visitNamedExpression (package:analyzer/dart/ast/visitor.g.dart:1345:10)
[async_value_nullable_pattern] 2025-10-23T16:30:34.289298 #43     NamedExpressionImpl.accept (package:analyzer/src/dart/ast/ast.dart:16767:50)
[async_value_nullable_pattern] 2025-10-23T16:30:34.289298 #44     NodeListImpl.accept (package:analyzer/src/dart/ast/ast.dart:17347:20)
[async_value_nullable_pattern] 2025-10-23T16:30:34.289298 #45     ArgumentListImpl.visitChildren (package:analyzer/src/dart/ast/ast.dart:588:15)
[async_value_nullable_pattern] 2025-10-23T16:30:34.289298 #46     RecursiveAstVisitor.visitArgumentList (package:analyzer/dart/ast/visitor.g.dart:731:10)
[async_value_nullable_pattern] 2025-10-23T16:30:34.289298 #47     ArgumentListImpl.accept (package:analyzer/src/dart/ast/ast.dart:583:50)
[async_value_nullable_pattern] 2025-10-23T16:30:34.289298 #48     InstanceCreationExpressionImpl.visitChildren (package:analyzer/src/dart/ast/ast.dart:13825:18)
[async_value_nullable_pattern] 2025-10-23T16:30:34.289298 #49     RecursiveAstVisitor.visitInstanceCreationExpression (package:analyzer/dart/ast/visitor.g.dart:1225:10)
[async_value_nullable_pattern] 2025-10-23T16:30:34.289298 #50     ErrorVerifier.visitInstanceCreationExpression (package:analyzer/src/generated/error_verifier.dart:1173:11)
[async_value_nullable_pattern] 2025-10-23T16:30:34.289298 #51     InstanceCreationExpressionImpl.accept (package:analyzer/src/dart/ast/ast.dart:13812:15)
[async_value_nullable_pattern] 2025-10-23T16:30:34.289298 #52     NodeListImpl.accept (package:analyzer/src/dart/ast/ast.dart:17347:20)
[async_value_nullable_pattern] 2025-10-23T16:30:34.289298 #53     ListLiteralImpl.visitChildren (package:analyzer/src/dart/ast/ast.dart:14907:14)
[async_value_nullable_pattern] 2025-10-23T16:30:34.289298 #54     RecursiveAstVisitor.visitListLiteral (package:analyzer/dart/ast/visitor.g.dart:1279:10)
[async_value_nullable_pattern] 2025-10-23T16:30:34.289298 #55     ErrorVerifier.visitListLiteral (package:analyzer/src/generated/error_verifier.dart:1200:11)
[async_value_nullable_pattern] 2025-10-23T16:30:34.289298 #56     ListLiteralImpl.accept (package:analyzer/src/dart/ast/ast.dart:14895:50)
[async_value_nullable_pattern] 2025-10-23T16:30:34.289298 #57     NamedExpressionImpl.visitChildren (package:analyzer/src/dart/ast/ast.dart:16779:16)
[async_value_nullable_pattern] 2025-10-23T16:30:34.289298 #58     RecursiveAstVisitor.visitNamedExpression (package:analyzer/dart/ast/visitor.g.dart:1345:10)
[async_value_nullable_pattern] 2025-10-23T16:30:34.289298 #59     NamedExpressionImpl.accept (package:analyzer/src/dart/ast/ast.dart:16767:50)
[async_value_nullable_pattern] 2025-10-23T16:30:34.289298 #60     NodeListImpl.accept (package:analyzer/src/dart/ast/ast.dart:17347:20)
[async_value_nullable_pattern] 2025-10-23T16:30:34.289298 #61     ArgumentListImpl.visitChildren (package:analyzer/src/dart/ast/ast.dart:588:15)
[async_value_nullable_pattern] 2025-10-23T16:30:34.289298 #62     RecursiveAstVisitor.visitArgumentList (package:analyzer/dart/ast/visitor.g.dart:731:10)
[async_value_nullable_pattern] 2025-10-23T16:30:34.289298 #63     ArgumentListImpl.accept (package:analyzer/src/dart/ast/ast.dart:583:50)
[async_value_nullable_pattern] 2025-10-23T16:30:34.289298 #64     InstanceCreationExpressionImpl.visitChildren (package:analyzer/src/dart/ast/ast.dart:13825:18)
[async_value_nullable_pattern] 2025-10-23T16:30:34.289298 #65     RecursiveAstVisitor.visitInstanceCreationExpression (package:analyzer/dart/ast/visitor.g.dart:1225:10)
[async_value_nullable_pattern] 2025-10-23T16:30:34.289298 #66     ErrorVerifier.visitInstanceCreationExpression (package:analyzer/src/generated/error_verifier.dart:1173:11)
[async_value_nullable_pattern] 2025-10-23T16:30:34.289298 #67     InstanceCreationExpressionImpl.accept (package:analyzer/src/dart/ast/ast.dart:13812:15)
[async_value_nullable_pattern] 2025-10-23T16:30:34.289298 #68     ErrorVerifier.visitVariableDeclaration (package:analyzer/src/generated/error_verifier.dart:1670:25)
[async_value_nullable_pattern] 2025-10-23T16:30:34.289298 #69     VariableDeclarationImpl.accept (package:analyzer/src/dart/ast/ast.dart:24957:50)
[async_value_nullable_pattern] 2025-10-23T16:30:34.289298 #70     NodeListImpl.accept (package:analyzer/src/dart/ast/ast.dart:17347:20)
[async_value_nullable_pattern] 2025-10-23T16:30:34.289298 #71     VariableDeclarationListImpl.visitChildren (package:analyzer/src/dart/ast/ast.dart:25136:15)
[async_value_nullable_pattern] 2025-10-23T16:30:34.289298 #72     RecursiveAstVisitor.visitVariableDeclarationList (package:analyzer/dart/ast/visitor.g.dart:1725:10)
[async_value_nullable_pattern] 2025-10-23T16:30:34.289298 #73     ErrorVerifier.visitVariableDeclarationList (package:analyzer/src/generated/error_verifier.dart:1689:11)
[async_value_nullable_pattern] 2025-10-23T16:30:34.289298 #74     VariableDeclarationListImpl.accept (package:analyzer/src/dart/ast/ast.dart:25129:15)
[async_value_nullable_pattern] 2025-10-23T16:30:34.289298 #75     TopLevelVariableDeclarationImpl.visitChildren (package:analyzer/src/dart/ast/ast.dart:23956:15)
[async_value_nullable_pattern] 2025-10-23T16:30:34.289298 #76     RecursiveAstVisitor.visitTopLevelVariableDeclaration (package:analyzer/dart/ast/visitor.g.dart:1683:10)
[async_value_nullable_pattern] 2025-10-23T16:30:34.289298 #77     ErrorVerifier.visitTopLevelVariableDeclaration (package:analyzer/src/generated/error_verifier.dart:1628:11)
[async_value_nullable_pattern] 2025-10-23T16:30:34.289298 #78     TopLevelVariableDeclarationImpl.accept (package:analyzer/src/dart/ast/ast.dart:23950:15)
[async_value_nullable_pattern] 2025-10-23T16:30:34.289298 #79     NodeListImpl.accept (package:analyzer/src/dart/ast/ast.dart:17347:20)
[async_value_nullable_pattern] 2025-10-23T16:30:34.289298 #80     CompilationUnitImpl.visitChildren (package:analyzer/src/dart/ast/ast.dart:4037:21)
[async_value_nullable_pattern] 2025-10-23T16:30:34.289298 #81     RecursiveAstVisitor.visitCompilationUnit (package:analyzer/dart/ast/visitor.g.dart:857:10)
[async_value_nullable_pattern] 2025-10-23T16:30:34.289298 #82     ErrorVerifier.visitCompilationUnit (package:analyzer/src/generated/error_verifier.dart:621:11)
[async_value_nullable_pattern] 2025-10-23T16:30:34.289298 #83     CompilationUnitImpl.accept (package:analyzer/src/dart/ast/ast.dart:4014:50)
[async_value_nullable_pattern] 2025-10-23T16:30:34.289298 #84     LibraryAnalyzer._computeVerifyErrors (package:analyzer/src/dart/analysis/library_analyzer.dart:479:10)
[async_value_nullable_pattern] 2025-10-23T16:30:34.289298 #85     LibraryAnalyzer._computeDiagnostics (package:analyzer/src/dart/analysis/library_analyzer.dart:330:7)
[async_value_nullable_pattern] 2025-10-23T16:30:34.289298 #86     LibraryAnalyzer.analyze.<anonymous closure> (package:analyzer/src/dart/analysis/library_analyzer.dart:125:7)
[async_value_nullable_pattern] 2025-10-23T16:30:34.289298 #87     OperationPerformanceImpl.run (package:analyzer/src/util/performance/operation_performance.dart:150:23)
[async_value_nullable_pattern] 2025-10-23T16:30:34.289298 #88     LibraryAnalyzer.analyze (package:analyzer/src/dart/analysis/library_analyzer.dart:124:17)
[async_value_nullable_pattern] 2025-10-23T16:30:34.289298 #89     AnalysisDriver._analyzeFileImpl.<anonymous closure>.<anonymous closure> (package:analyzer/src/dart/analysis/driver.dart:1376:13)
[async_value_nullable_pattern] 2025-10-23T16:30:34.289298 #90     OperationPerformanceImpl.run (package:analyzer/src/util/performance/operation_performance.dart:150:23)
[async_value_nullable_pattern] 2025-10-23T16:30:34.289298 #91     AnalysisDriver._analyzeFileImpl.<anonymous closure> (package:analyzer/src/dart/analysis/driver.dart:1365:35)
[async_value_nullable_pattern] 2025-10-23T16:30:34.289298 #92     PerformanceLog.run (package:analyzer/src/dart/analysis/performance_logger.dart:38:15)
[async_value_nullable_pattern] 2025-10-23T16:30:34.289298 #93     AnalysisDriver._analyzeFileImpl (package:analyzer/src/dart/analysis/driver.dart:1311:20)
[async_value_nullable_pattern] 2025-10-23T16:30:34.289298 #94     AnalysisDriver._analyzeFile.<anonymous closure> (package:analyzer/src/dart/analysis/driver.dart:1292:7)
[async_value_nullable_pattern] 2025-10-23T16:30:34.289298 #95     OperationPerformanceImpl.run (package:analyzer/src/util/performance/operation_performance.dart:150:23)
[async_value_nullable_pattern] 2025-10-23T16:30:34.289298 #96     AnalysisDriver._analyzeFile (package:analyzer/src/dart/analysis/driver.dart:1291:38)
[async_value_nullable_pattern] 2025-10-23T16:30:34.289298 #97     AnalysisDriver.performWork (package:analyzer/src/dart/analysis/driver.dart:1188:7)
[async_value_nullable_pattern] 2025-10-23T16:30:34.289298 #98     AnalysisDriverScheduler._run (package:analyzer/src/dart/analysis/driver.dart:2623:24)
[async_value_nullable_pattern] 2025-10-23T16:30:34.289298 <asynchronous suspension>
[async_value_nullable_pattern] 2025-10-23T16:30:34.289298
[async_value_nullable_pattern] 2025-10-23T16:30:34.292217 Plugin async_value_nullable_pattern threw while analyzing /Users/xiaofeng/Documents/program/flutter_eg_1/lib/config/router.dart:
[async_value_nullable_pattern] 2025-10-23T16:30:34.292217 Null check operator used on a null value
[async_value_nullable_pattern] 2025-10-23T16:30:34.292217 #0      RequiredParametersVerifier._check (package:analyzer/src/error/required_parameters_verifier.dart:147:46)
[async_value_nullable_pattern] 2025-10-23T16:30:34.292217 #1      RequiredParametersVerifier.visitInstanceCreationExpression (package:analyzer/src/error/required_parameters_verifier.dart:83:5)
[async_value_nullable_pattern] 2025-10-23T16:30:34.292217 #2      ErrorVerifier.visitInstanceCreationExpression (package:analyzer/src/generated/error_verifier.dart:1154:35)
[async_value_nullable_pattern] 2025-10-23T16:30:34.292217 #3      InstanceCreationExpressionImpl.accept (package:analyzer/src/dart/ast/ast.dart:13812:15)
[async_value_nullable_pattern] 2025-10-23T16:30:34.292217 #4      ReturnStatementImpl.visitChildren (package:analyzer/src/dart/ast/ast.dart:21124:17)
[async_value_nullable_pattern] 2025-10-23T16:30:34.292217 #5      RecursiveAstVisitor.visitReturnStatement (package:analyzer/dart/ast/visitor.g.dart:1557:10)
[async_value_nullable_pattern] 2025-10-23T16:30:34.292217 #6      ErrorVerifier.visitReturnStatement (package:analyzer/src/generated/error_verifier.dart:1445:11)
[async_value_nullable_pattern] 2025-10-23T16:30:34.292217 #7      ReturnStatementImpl.accept (package:analyzer/src/dart/ast/ast.dart:21119:50)
[async_value_nullable_pattern] 2025-10-23T16:30:34.292217 #8      NodeListImpl.accept (package:analyzer/src/dart/ast/ast.dart:17347:20)
[async_value_nullable_pattern] 2025-10-23T16:30:34.292217 #9      BlockImpl.visitChildren (package:analyzer/src/dart/ast/ast.dart:1947:16)
[async_value_nullable_pattern] 2025-10-23T16:30:34.292217 #10     RecursiveAstVisitor.visitBlock (package:analyzer/dart/ast/visitor.g.dart:779:10)
[async_value_nullable_pattern] 2025-10-23T16:30:34.292217 #11     ErrorVerifier.visitBlock.<anonymous closure> (package:analyzer/src/generated/error_verifier.dart:449:13)
[async_value_nullable_pattern] 2025-10-23T16:30:34.292217 #12     ErrorVerifier._withHiddenElements (package:analyzer/src/generated/error_verifier.dart:6377:8)
[async_value_nullable_pattern] 2025-10-23T16:30:34.292217 #13     ErrorVerifier.visitBlock (package:analyzer/src/generated/error_verifier.dart:447:5)
[async_value_nullable_pattern] 2025-10-23T16:30:34.292217 #14     BlockImpl.accept (package:analyzer/src/dart/ast/ast.dart:1942:50)
[async_value_nullable_pattern] 2025-10-23T16:30:34.292217 #15     BlockFunctionBodyImpl.visitChildren (package:analyzer/src/dart/ast/ast.dart:1876:11)
[async_value_nullable_pattern] 2025-10-23T16:30:34.292217 #16     RecursiveAstVisitor.visitBlockFunctionBody (package:analyzer/dart/ast/visitor.g.dart:785:10)
[async_value_nullable_pattern] 2025-10-23T16:30:34.292217 #17     ErrorVerifier.visitBlockFunctionBody (package:analyzer/src/generated/error_verifier.dart:458:13)
[async_value_nullable_pattern] 2025-10-23T16:30:34.292217 #18     BlockFunctionBodyImpl.accept (package:analyzer/src/dart/ast/ast.dart:1867:50)
[async_value_nullable_pattern] 2025-10-23T16:30:34.292217 #19     FunctionExpressionImpl.visitChildren (package:analyzer/src/dart/ast/ast.dart:11161:10)
[async_value_nullable_pattern] 2025-10-23T16:30:34.292217 #20     RecursiveAstVisitor.visitFunctionExpression (package:analyzer/dart/ast/visitor.g.dart:1129:10)
[async_value_nullable_pattern] 2025-10-23T16:30:34.292217 #21     ErrorVerifier.visitFunctionExpression.<anonymous closure> (package:analyzer/src/generated/error_verifier.dart:1023:17)
[async_value_nullable_pattern] 2025-10-23T16:30:34.292217 #22     ErrorVerifier._withEnclosingExecutable (package:analyzer/src/generated/error_verifier.dart:6367:16)
[async_value_nullable_pattern] 2025-10-23T16:30:34.292217 #23     ErrorVerifier.visitFunctionExpression (package:analyzer/src/generated/error_verifier.dart:1020:7)
[async_value_nullable_pattern] 2025-10-23T16:30:34.292217 #24     FunctionExpressionImpl.accept (package:analyzer/src/dart/ast/ast.dart:11148:50)
[async_value_nullable_pattern] 2025-10-23T16:30:34.292217 #25     NamedExpressionImpl.visitChildren (package:analyzer/src/dart/ast/ast.dart:16779:16)
[async_value_nullable_pattern] 2025-10-23T16:30:34.292217 #26     RecursiveAstVisitor.visitNamedExpression (package:analyzer/dart/ast/visitor.g.dart:1345:10)
[async_value_nullable_pattern] 2025-10-23T16:30:34.292217 #27     NamedExpressionImpl.accept (package:analyzer/src/dart/ast/ast.dart:16767:50)
[async_value_nullable_pattern] 2025-10-23T16:30:34.292217 #28     NodeListImpl.accept (package:analyzer/src/dart/ast/ast.dart:17347:20)
[async_value_nullable_pattern] 2025-10-23T16:30:34.292217 #29     ArgumentListImpl.visitChildren (package:analyzer/src/dart/ast/ast.dart:588:15)
[async_value_nullable_pattern] 2025-10-23T16:30:34.292217 #30     RecursiveAstVisitor.visitArgumentList (package:analyzer/dart/ast/visitor.g.dart:731:10)
[async_value_nullable_pattern] 2025-10-23T16:30:34.292217 #31     ArgumentListImpl.accept (package:analyzer/src/dart/ast/ast.dart:583:50)
[async_value_nullable_pattern] 2025-10-23T16:30:34.292217 #32     InstanceCreationExpressionImpl.visitChildren (package:analyzer/src/dart/ast/ast.dart:13825:18)
[async_value_nullable_pattern] 2025-10-23T16:30:34.292217 #33     RecursiveAstVisitor.visitInstanceCreationExpression (package:analyzer/dart/ast/visitor.g.dart:1225:10)
[async_value_nullable_pattern] 2025-10-23T16:30:34.292217 #34     ErrorVerifier.visitInstanceCreationExpression (package:analyzer/src/generated/error_verifier.dart:1173:11)
[async_value_nullable_pattern] 2025-10-23T16:30:34.292217 #35     InstanceCreationExpressionImpl.accept (package:analyzer/src/dart/ast/ast.dart:13812:15)
[async_value_nullable_pattern] 2025-10-23T16:30:34.292217 #36     NodeListImpl.accept (package:analyzer/src/dart/ast/ast.dart:17347:20)
[async_value_nullable_pattern] 2025-10-23T16:30:34.292217 #37     ListLiteralImpl.visitChildren (package:analyzer/src/dart/ast/ast.dart:14907:14)
[async_value_nullable_pattern] 2025-10-23T16:30:34.292217 #38     RecursiveAstVisitor.visitListLiteral (package:analyzer/dart/ast/visitor.g.dart:1279:10)
[async_value_nullable_pattern] 2025-10-23T16:30:34.292217 #39     ErrorVerifier.visitListLiteral (package:analyzer/src/generated/error_verifier.dart:1200:11)
[async_value_nullable_pattern] 2025-10-23T16:30:34.292217 #40     ListLiteralImpl.accept (package:analyzer/src/dart/ast/ast.dart:14895:50)
[async_value_nullable_pattern] 2025-10-23T16:30:34.292217 #41     NamedExpressionImpl.visitChildren (package:analyzer/src/dart/ast/ast.dart:16779:16)
[async_value_nullable_pattern] 2025-10-23T16:30:34.292217 #42     RecursiveAstVisitor.visitNamedExpression (package:analyzer/dart/ast/visitor.g.dart:1345:10)
[async_value_nullable_pattern] 2025-10-23T16:30:34.292217 #43     NamedExpressionImpl.accept (package:analyzer/src/dart/ast/ast.dart:16767:50)
[async_value_nullable_pattern] 2025-10-23T16:30:34.292217 #44     NodeListImpl.accept (package:analyzer/src/dart/ast/ast.dart:17347:20)
[async_value_nullable_pattern] 2025-10-23T16:30:34.292217 #45     ArgumentListImpl.visitChildren (package:analyzer/src/dart/ast/ast.dart:588:15)
[async_value_nullable_pattern] 2025-10-23T16:30:34.292217 #46     RecursiveAstVisitor.visitArgumentList (package:analyzer/dart/ast/visitor.g.dart:731:10)
[async_value_nullable_pattern] 2025-10-23T16:30:34.292217 #47     ArgumentListImpl.accept (package:analyzer/src/dart/ast/ast.dart:583:50)
[async_value_nullable_pattern] 2025-10-23T16:30:34.292217 #48     InstanceCreationExpressionImpl.visitChildren (package:analyzer/src/dart/ast/ast.dart:13825:18)
[async_value_nullable_pattern] 2025-10-23T16:30:34.292217 #49     RecursiveAstVisitor.visitInstanceCreationExpression (package:analyzer/dart/ast/visitor.g.dart:1225:10)
[async_value_nullable_pattern] 2025-10-23T16:30:34.292217 #50     ErrorVerifier.visitInstanceCreationExpression (package:analyzer/src/generated/error_verifier.dart:1173:11)
[async_value_nullable_pattern] 2025-10-23T16:30:34.292217 #51     InstanceCreationExpressionImpl.accept (package:analyzer/src/dart/ast/ast.dart:13812:15)
[async_value_nullable_pattern] 2025-10-23T16:30:34.292217 #52     NodeListImpl.accept (package:analyzer/src/dart/ast/ast.dart:17347:20)
[async_value_nullable_pattern] 2025-10-23T16:30:34.292217 #53     ListLiteralImpl.visitChildren (package:analyzer/src/dart/ast/ast.dart:14907:14)
[async_value_nullable_pattern] 2025-10-23T16:30:34.292217 #54     RecursiveAstVisitor.visitListLiteral (package:analyzer/dart/ast/visitor.g.dart:1279:10)
[async_value_nullable_pattern] 2025-10-23T16:30:34.292217 #55     ErrorVerifier.visitListLiteral (package:analyzer/src/generated/error_verifier.dart:1200:11)
[async_value_nullable_pattern] 2025-10-23T16:30:34.292217 #56     ListLiteralImpl.accept (package:analyzer/src/dart/ast/ast.dart:14895:50)
[async_value_nullable_pattern] 2025-10-23T16:30:34.292217 #57     NamedExpressionImpl.visitChildren (package:analyzer/src/dart/ast/ast.dart:16779:16)
[async_value_nullable_pattern] 2025-10-23T16:30:34.292217 #58     RecursiveAstVisitor.visitNamedExpression (package:analyzer/dart/ast/visitor.g.dart:1345:10)
[async_value_nullable_pattern] 2025-10-23T16:30:34.292217 #59     NamedExpressionImpl.accept (package:analyzer/src/dart/ast/ast.dart:16767:50)
[async_value_nullable_pattern] 2025-10-23T16:30:34.292217 #60     NodeListImpl.accept (package:analyzer/src/dart/ast/ast.dart:17347:20)
[async_value_nullable_pattern] 2025-10-23T16:30:34.292217 #61     ArgumentListImpl.visitChildren (package:analyzer/src/dart/ast/ast.dart:588:15)
[async_value_nullable_pattern] 2025-10-23T16:30:34.292217 #62     RecursiveAstVisitor.visitArgumentList (package:analyzer/dart/ast/visitor.g.dart:731:10)
[async_value_nullable_pattern] 2025-10-23T16:30:34.292217 #63     ArgumentListImpl.accept (package:analyzer/src/dart/ast/ast.dart:583:50)
[async_value_nullable_pattern] 2025-10-23T16:30:34.292217 #64     InstanceCreationExpressionImpl.visitChildren (package:analyzer/src/dart/ast/ast.dart:13825:18)
[async_value_nullable_pattern] 2025-10-23T16:30:34.292217 #65     RecursiveAstVisitor.visitInstanceCreationExpression (package:analyzer/dart/ast/visitor.g.dart:1225:10)
[async_value_nullable_pattern] 2025-10-23T16:30:34.292217 #66     ErrorVerifier.visitInstanceCreationExpression (package:analyzer/src/generated/error_verifier.dart:1173:11)
[async_value_nullable_pattern] 2025-10-23T16:30:34.292217 #67     InstanceCreationExpressionImpl.accept (package:analyzer/src/dart/ast/ast.dart:13812:15)
[async_value_nullable_pattern] 2025-10-23T16:30:34.292217 #68     ErrorVerifier.visitVariableDeclaration (package:analyzer/src/generated/error_verifier.dart:1670:25)
[async_value_nullable_pattern] 2025-10-23T16:30:34.292217 #69     VariableDeclarationImpl.accept (package:analyzer/src/dart/ast/ast.dart:24957:50)
[async_value_nullable_pattern] 2025-10-23T16:30:34.292217 #70     NodeListImpl.accept (package:analyzer/src/dart/ast/ast.dart:17347:20)
[async_value_nullable_pattern] 2025-10-23T16:30:34.292217 #71     VariableDeclarationListImpl.visitChildren (package:analyzer/src/dart/ast/ast.dart:25136:15)
[async_value_nullable_pattern] 2025-10-23T16:30:34.292217 #72     RecursiveAstVisitor.visitVariableDeclarationList (package:analyzer/dart/ast/visitor.g.dart:1725:10)
[async_value_nullable_pattern] 2025-10-23T16:30:34.292217 #73     ErrorVerifier.visitVariableDeclarationList (package:analyzer/src/generated/error_verifier.dart:1689:11)
[async_value_nullable_pattern] 2025-10-23T16:30:34.292217 #74     VariableDeclarationListImpl.accept (package:analyzer/src/dart/ast/ast.dart:25129:15)
[async_value_nullable_pattern] 2025-10-23T16:30:34.292217 #75     TopLevelVariableDeclarationImpl.visitChildren (package:analyzer/src/dart/ast/ast.dart:23956:15)
[async_value_nullable_pattern] 2025-10-23T16:30:34.292217 #76     RecursiveAstVisitor.visitTopLevelVariableDeclaration (package:analyzer/dart/ast/visitor.g.dart:1683:10)
[async_value_nullable_pattern] 2025-10-23T16:30:34.292217 #77     ErrorVerifier.visitTopLevelVariableDeclaration (package:analyzer/src/generated/error_verifier.dart:1628:11)
[async_value_nullable_pattern] 2025-10-23T16:30:34.292217 #78     TopLevelVariableDeclarationImpl.accept (package:analyzer/src/dart/ast/ast.dart:23950:15)
[async_value_nullable_pattern] 2025-10-23T16:30:34.292217 #79     NodeListImpl.accept (package:analyzer/src/dart/ast/ast.dart:17347:20)
[async_value_nullable_pattern] 2025-10-23T16:30:34.292217 #80     CompilationUnitImpl.visitChildren (package:analyzer/src/dart/ast/ast.dart:4037:21)
[async_value_nullable_pattern] 2025-10-23T16:30:34.292217 #81     RecursiveAstVisitor.visitCompilationUnit (package:analyzer/dart/ast/visitor.g.dart:857:10)
[async_value_nullable_pattern] 2025-10-23T16:30:34.292217 #82     ErrorVerifier.visitCompilationUnit (package:analyzer/src/generated/error_verifier.dart:621:11)
[async_value_nullable_pattern] 2025-10-23T16:30:34.292217 #83     CompilationUnitImpl.accept (package:analyzer/src/dart/ast/ast.dart:4014:50)
[async_value_nullable_pattern] 2025-10-23T16:30:34.292217 #84     LibraryAnalyzer._computeVerifyErrors (package:analyzer/src/dart/analysis/library_analyzer.dart:479:10)
[async_value_nullable_pattern] 2025-10-23T16:30:34.292217 #85     LibraryAnalyzer._computeDiagnostics (package:analyzer/src/dart/analysis/library_analyzer.dart:330:7)
[async_value_nullable_pattern] 2025-10-23T16:30:34.292217 #86     LibraryAnalyzer.analyze.<anonymous closure> (package:analyzer/src/dart/analysis/library_analyzer.dart:125:7)
[async_value_nullable_pattern] 2025-10-23T16:30:34.292217 #87     OperationPerformanceImpl.run (package:analyzer/src/util/performance/operation_performance.dart:150:23)
[async_value_nullable_pattern] 2025-10-23T16:30:34.292217 #88     LibraryAnalyzer.analyze (package:analyzer/src/dart/analysis/library_analyzer.dart:124:17)
[async_value_nullable_pattern] 2025-10-23T16:30:34.292217 #89     AnalysisDriver._analyzeFileImpl.<anonymous closure>.<anonymous closure> (package:analyzer/src/dart/analysis/driver.dart:1376:13)
[async_value_nullable_pattern] 2025-10-23T16:30:34.292217 #90     OperationPerformanceImpl.run (package:analyzer/src/util/performance/operation_performance.dart:150:23)
[async_value_nullable_pattern] 2025-10-23T16:30:34.292217 #91     AnalysisDriver._analyzeFileImpl.<anonymous closure> (package:analyzer/src/dart/analysis/driver.dart:1365:35)
[async_value_nullable_pattern] 2025-10-23T16:30:34.292217 #92     PerformanceLog.run (package:analyzer/src/dart/analysis/performance_logger.dart:38:15)
[async_value_nullable_pattern] 2025-10-23T16:30:34.292217 #93     AnalysisDriver._analyzeFileImpl (package:analyzer/src/dart/analysis/driver.dart:1311:20)
[async_value_nullable_pattern] 2025-10-23T16:30:34.292217 #94     AnalysisDriver._analyzeFile.<anonymous closure> (package:analyzer/src/dart/analysis/driver.dart:1292:7)
[async_value_nullable_pattern] 2025-10-23T16:30:34.292217 #95     OperationPerformanceImpl.run (package:analyzer/src/util/performance/operation_performance.dart:150:23)
[async_value_nullable_pattern] 2025-10-23T16:30:34.292217 #96     AnalysisDriver._analyzeFile (package:analyzer/src/dart/analysis/driver.dart:1291:38)
[async_value_nullable_pattern] 2025-10-23T16:30:34.292217 #97     AnalysisDriver.performWork (package:analyzer/src/dart/analysis/driver.dart:1188:7)
[async_value_nullable_pattern] 2025-10-23T16:30:34.292217 #98     AnalysisDriverScheduler._run (package:analyzer/src/dart/analysis/driver.dart:2623:24)
[async_value_nullable_pattern] 2025-10-23T16:30:34.292217 <asynchronous suspension>
[async_value_nullable_pattern] 2025-10-23T16:30:34.292217
[async_value_nullable_pattern] 2025-10-23T16:30:34.941588 Plugin async_value_nullable_pattern threw while analyzing /Users/xiaofeng/Documents/program/flutter_eg_1/lib/config/router.dart:
[async_value_nullable_pattern] 2025-10-23T16:30:34.941588 Null check operator used on a null value
[async_value_nullable_pattern] 2025-10-23T16:30:34.941588 #0      RequiredParametersVerifier._check (package:analyzer/src/error/required_parameters_verifier.dart:147:46)
[async_value_nullable_pattern] 2025-10-23T16:30:34.941588 #1      RequiredParametersVerifier.visitInstanceCreationExpression (package:analyzer/src/error/required_parameters_verifier.dart:83:5)
[async_value_nullable_pattern] 2025-10-23T16:30:34.941588 #2      ErrorVerifier.visitInstanceCreationExpression (package:analyzer/src/generated/error_verifier.dart:1154:35)
[async_value_nullable_pattern] 2025-10-23T16:30:34.941588 #3      InstanceCreationExpressionImpl.accept (package:analyzer/src/dart/ast/ast.dart:13812:15)
[async_value_nullable_pattern] 2025-10-23T16:30:34.941588 #4      ReturnStatementImpl.visitChildren (package:analyzer/src/dart/ast/ast.dart:21124:17)
[async_value_nullable_pattern] 2025-10-23T16:30:34.941588 #5      RecursiveAstVisitor.visitReturnStatement (package:analyzer/dart/ast/visitor.g.dart:1557:10)
[async_value_nullable_pattern] 2025-10-23T16:30:34.941588 #6      ErrorVerifier.visitReturnStatement (package:analyzer/src/generated/error_verifier.dart:1445:11)
[async_value_nullable_pattern] 2025-10-23T16:30:34.941588 #7      ReturnStatementImpl.accept (package:analyzer/src/dart/ast/ast.dart:21119:50)
[async_value_nullable_pattern] 2025-10-23T16:30:34.941588 #8      NodeListImpl.accept (package:analyzer/src/dart/ast/ast.dart:17347:20)
[async_value_nullable_pattern] 2025-10-23T16:30:34.941588 #9      BlockImpl.visitChildren (package:analyzer/src/dart/ast/ast.dart:1947:16)
[async_value_nullable_pattern] 2025-10-23T16:30:34.941588 #10     RecursiveAstVisitor.visitBlock (package:analyzer/dart/ast/visitor.g.dart:779:10)
[async_value_nullable_pattern] 2025-10-23T16:30:34.941588 #11     ErrorVerifier.visitBlock.<anonymous closure> (package:analyzer/src/generated/error_verifier.dart:449:13)
[async_value_nullable_pattern] 2025-10-23T16:30:34.941588 #12     ErrorVerifier._withHiddenElements (package:analyzer/src/generated/error_verifier.dart:6377:8)
[async_value_nullable_pattern] 2025-10-23T16:30:34.941588 #13     ErrorVerifier.visitBlock (package:analyzer/src/generated/error_verifier.dart:447:5)
[async_value_nullable_pattern] 2025-10-23T16:30:34.941588 #14     BlockImpl.accept (package:analyzer/src/dart/ast/ast.dart:1942:50)
[async_value_nullable_pattern] 2025-10-23T16:30:34.941588 #15     BlockFunctionBodyImpl.visitChildren (package:analyzer/src/dart/ast/ast.dart:1876:11)
[async_value_nullable_pattern] 2025-10-23T16:30:34.941588 #16     RecursiveAstVisitor.visitBlockFunctionBody (package:analyzer/dart/ast/visitor.g.dart:785:10)
[async_value_nullable_pattern] 2025-10-23T16:30:34.941588 #17     ErrorVerifier.visitBlockFunctionBody (package:analyzer/src/generated/error_verifier.dart:458:13)
[async_value_nullable_pattern] 2025-10-23T16:30:34.941588 #18     BlockFunctionBodyImpl.accept (package:analyzer/src/dart/ast/ast.dart:1867:50)
[async_value_nullable_pattern] 2025-10-23T16:30:34.941588 #19     FunctionExpressionImpl.visitChildren (package:analyzer/src/dart/ast/ast.dart:11161:10)
[async_value_nullable_pattern] 2025-10-23T16:30:34.941588 #20     RecursiveAstVisitor.visitFunctionExpression (package:analyzer/dart/ast/visitor.g.dart:1129:10)
[async_value_nullable_pattern] 2025-10-23T16:30:34.941588 #21     ErrorVerifier.visitFunctionExpression.<anonymous closure> (package:analyzer/src/generated/error_verifier.dart:1023:17)
[async_value_nullable_pattern] 2025-10-23T16:30:34.941588 #22     ErrorVerifier._withEnclosingExecutable (package:analyzer/src/generated/error_verifier.dart:6367:16)
[async_value_nullable_pattern] 2025-10-23T16:30:34.941588 #23     ErrorVerifier.visitFunctionExpression (package:analyzer/src/generated/error_verifier.dart:1020:7)
[async_value_nullable_pattern] 2025-10-23T16:30:34.941588 #24     FunctionExpressionImpl.accept (package:analyzer/src/dart/ast/ast.dart:11148:50)
[async_value_nullable_pattern] 2025-10-23T16:30:34.941588 #25     NamedExpressionImpl.visitChildren (package:analyzer/src/dart/ast/ast.dart:16779:16)
[async_value_nullable_pattern] 2025-10-23T16:30:34.941588 #26     RecursiveAstVisitor.visitNamedExpression (package:analyzer/dart/ast/visitor.g.dart:1345:10)
[async_value_nullable_pattern] 2025-10-23T16:30:34.941588 #27     NamedExpressionImpl.accept (package:analyzer/src/dart/ast/ast.dart:16767:50)
[async_value_nullable_pattern] 2025-10-23T16:30:34.941588 #28     NodeListImpl.accept (package:analyzer/src/dart/ast/ast.dart:17347:20)
[async_value_nullable_pattern] 2025-10-23T16:30:34.941588 #29     ArgumentListImpl.visitChildren (package:analyzer/src/dart/ast/ast.dart:588:15)
[async_value_nullable_pattern] 2025-10-23T16:30:34.941588 #30     RecursiveAstVisitor.visitArgumentList (package:analyzer/dart/ast/visitor.g.dart:731:10)
[async_value_nullable_pattern] 2025-10-23T16:30:34.941588 #31     ArgumentListImpl.accept (package:analyzer/src/dart/ast/ast.dart:583:50)
[async_value_nullable_pattern] 2025-10-23T16:30:34.941588 #32     InstanceCreationExpressionImpl.visitChildren (package:analyzer/src/dart/ast/ast.dart:13825:18)
[async_value_nullable_pattern] 2025-10-23T16:30:34.941588 #33     RecursiveAstVisitor.visitInstanceCreationExpression (package:analyzer/dart/ast/visitor.g.dart:1225:10)
[async_value_nullable_pattern] 2025-10-23T16:30:34.941588 #34     ErrorVerifier.visitInstanceCreationExpression (package:analyzer/src/generated/error_verifier.dart:1173:11)
[async_value_nullable_pattern] 2025-10-23T16:30:34.941588 #35     InstanceCreationExpressionImpl.accept (package:analyzer/src/dart/ast/ast.dart:13812:15)
[async_value_nullable_pattern] 2025-10-23T16:30:34.941588 #36     NodeListImpl.accept (package:analyzer/src/dart/ast/ast.dart:17347:20)
[async_value_nullable_pattern] 2025-10-23T16:30:34.941588 #37     ListLiteralImpl.visitChildren (package:analyzer/src/dart/ast/ast.dart:14907:14)
[async_value_nullable_pattern] 2025-10-23T16:30:34.941588 #38     RecursiveAstVisitor.visitListLiteral (package:analyzer/dart/ast/visitor.g.dart:1279:10)
[async_value_nullable_pattern] 2025-10-23T16:30:34.941588 #39     ErrorVerifier.visitListLiteral (package:analyzer/src/generated/error_verifier.dart:1200:11)
[async_value_nullable_pattern] 2025-10-23T16:30:34.941588 #40     ListLiteralImpl.accept (package:analyzer/src/dart/ast/ast.dart:14895:50)
[async_value_nullable_pattern] 2025-10-23T16:30:34.941588 #41     NamedExpressionImpl.visitChildren (package:analyzer/src/dart/ast/ast.dart:16779:16)
[async_value_nullable_pattern] 2025-10-23T16:30:34.941588 #42     RecursiveAstVisitor.visitNamedExpression (package:analyzer/dart/ast/visitor.g.dart:1345:10)
[async_value_nullable_pattern] 2025-10-23T16:30:34.941588 #43     NamedExpressionImpl.accept (package:analyzer/src/dart/ast/ast.dart:16767:50)
[async_value_nullable_pattern] 2025-10-23T16:30:34.941588 #44     NodeListImpl.accept (package:analyzer/src/dart/ast/ast.dart:17347:20)
[async_value_nullable_pattern] 2025-10-23T16:30:34.941588 #45     ArgumentListImpl.visitChildren (package:analyzer/src/dart/ast/ast.dart:588:15)
[async_value_nullable_pattern] 2025-10-23T16:30:34.941588 #46     RecursiveAstVisitor.visitArgumentList (package:analyzer/dart/ast/visitor.g.dart:731:10)
[async_value_nullable_pattern] 2025-10-23T16:30:34.941588 #47     ArgumentListImpl.accept (package:analyzer/src/dart/ast/ast.dart:583:50)
[async_value_nullable_pattern] 2025-10-23T16:30:34.941588 #48     InstanceCreationExpressionImpl.visitChildren (package:analyzer/src/dart/ast/ast.dart:13825:18)
[async_value_nullable_pattern] 2025-10-23T16:30:34.941588 #49     RecursiveAstVisitor.visitInstanceCreationExpression (package:analyzer/dart/ast/visitor.g.dart:1225:10)
[async_value_nullable_pattern] 2025-10-23T16:30:34.941588 #50     ErrorVerifier.visitInstanceCreationExpression (package:analyzer/src/generated/error_verifier.dart:1173:11)
[async_value_nullable_pattern] 2025-10-23T16:30:34.941588 #51     InstanceCreationExpressionImpl.accept (package:analyzer/src/dart/ast/ast.dart:13812:15)
[async_value_nullable_pattern] 2025-10-23T16:30:34.941588 #52     NodeListImpl.accept (package:analyzer/src/dart/ast/ast.dart:17347:20)
[async_value_nullable_pattern] 2025-10-23T16:30:34.941588 #53     ListLiteralImpl.visitChildren (package:analyzer/src/dart/ast/ast.dart:14907:14)
[async_value_nullable_pattern] 2025-10-23T16:30:34.941588 #54     RecursiveAstVisitor.visitListLiteral (package:analyzer/dart/ast/visitor.g.dart:1279:10)
[async_value_nullable_pattern] 2025-10-23T16:30:34.941588 #55     ErrorVerifier.visitListLiteral (package:analyzer/src/generated/error_verifier.dart:1200:11)
[async_value_nullable_pattern] 2025-10-23T16:30:34.941588 #56     ListLiteralImpl.accept (package:analyzer/src/dart/ast/ast.dart:14895:50)
[async_value_nullable_pattern] 2025-10-23T16:30:34.941588 #57     NamedExpressionImpl.visitChildren (package:analyzer/src/dart/ast/ast.dart:16779:16)
[async_value_nullable_pattern] 2025-10-23T16:30:34.941588 #58     RecursiveAstVisitor.visitNamedExpression (package:analyzer/dart/ast/visitor.g.dart:1345:10)
[async_value_nullable_pattern] 2025-10-23T16:30:34.941588 #59     NamedExpressionImpl.accept (package:analyzer/src/dart/ast/ast.dart:16767:50)
[async_value_nullable_pattern] 2025-10-23T16:30:34.941588 #60     NodeListImpl.accept (package:analyzer/src/dart/ast/ast.dart:17347:20)
[async_value_nullable_pattern] 2025-10-23T16:30:34.941588 #61     ArgumentListImpl.visitChildren (package:analyzer/src/dart/ast/ast.dart:588:15)
[async_value_nullable_pattern] 2025-10-23T16:30:34.941588 #62     RecursiveAstVisitor.visitArgumentList (package:analyzer/dart/ast/visitor.g.dart:731:10)
[async_value_nullable_pattern] 2025-10-23T16:30:34.941588 #63     ArgumentListImpl.accept (package:analyzer/src/dart/ast/ast.dart:583:50)
[async_value_nullable_pattern] 2025-10-23T16:30:34.941588 #64     InstanceCreationExpressionImpl.visitChildren (package:analyzer/src/dart/ast/ast.dart:13825:18)
[async_value_nullable_pattern] 2025-10-23T16:30:34.941588 #65     RecursiveAstVisitor.visitInstanceCreationExpression (package:analyzer/dart/ast/visitor.g.dart:1225:10)
[async_value_nullable_pattern] 2025-10-23T16:30:34.941588 #66     ErrorVerifier.visitInstanceCreationExpression (package:analyzer/src/generated/error_verifier.dart:1173:11)
[async_value_nullable_pattern] 2025-10-23T16:30:34.941588 #67     InstanceCreationExpressionImpl.accept (package:analyzer/src/dart/ast/ast.dart:13812:15)
[async_value_nullable_pattern] 2025-10-23T16:30:34.941588 #68     ErrorVerifier.visitVariableDeclaration (package:analyzer/src/generated/error_verifier.dart:1670:25)
[async_value_nullable_pattern] 2025-10-23T16:30:34.941588 #69     VariableDeclarationImpl.accept (package:analyzer/src/dart/ast/ast.dart:24957:50)
[async_value_nullable_pattern] 2025-10-23T16:30:34.941588 #70     NodeListImpl.accept (package:analyzer/src/dart/ast/ast.dart:17347:20)
[async_value_nullable_pattern] 2025-10-23T16:30:34.941588 #71     VariableDeclarationListImpl.visitChildren (package:analyzer/src/dart/ast/ast.dart:25136:15)
[async_value_nullable_pattern] 2025-10-23T16:30:34.941588 #72     RecursiveAstVisitor.visitVariableDeclarationList (package:analyzer/dart/ast/visitor.g.dart:1725:10)
[async_value_nullable_pattern] 2025-10-23T16:30:34.941588 #73     ErrorVerifier.visitVariableDeclarationList (package:analyzer/src/generated/error_verifier.dart:1689:11)
[async_value_nullable_pattern] 2025-10-23T16:30:34.941588 #74     VariableDeclarationListImpl.accept (package:analyzer/src/dart/ast/ast.dart:25129:15)
[async_value_nullable_pattern] 2025-10-23T16:30:34.941588 #75     TopLevelVariableDeclarationImpl.visitChildren (package:analyzer/src/dart/ast/ast.dart:23956:15)
[async_value_nullable_pattern] 2025-10-23T16:30:34.941588 #76     RecursiveAstVisitor.visitTopLevelVariableDeclaration (package:analyzer/dart/ast/visitor.g.dart:1683:10)
[async_value_nullable_pattern] 2025-10-23T16:30:34.941588 #77     ErrorVerifier.visitTopLevelVariableDeclaration (package:analyzer/src/generated/error_verifier.dart:1628:11)
[async_value_nullable_pattern] 2025-10-23T16:30:34.941588 #78     TopLevelVariableDeclarationImpl.accept (package:analyzer/src/dart/ast/ast.dart:23950:15)
[async_value_nullable_pattern] 2025-10-23T16:30:34.941588 #79     NodeListImpl.accept (package:analyzer/src/dart/ast/ast.dart:17347:20)
[async_value_nullable_pattern] 2025-10-23T16:30:34.941588 #80     CompilationUnitImpl.visitChildren (package:analyzer/src/dart/ast/ast.dart:4037:21)
[async_value_nullable_pattern] 2025-10-23T16:30:34.941588 #81     RecursiveAstVisitor.visitCompilationUnit (package:analyzer/dart/ast/visitor.g.dart:857:10)
[async_value_nullable_pattern] 2025-10-23T16:30:34.941588 #82     ErrorVerifier.visitCompilationUnit (package:analyzer/src/generated/error_verifier.dart:621:11)
[async_value_nullable_pattern] 2025-10-23T16:30:34.941588 #83     CompilationUnitImpl.accept (package:analyzer/src/dart/ast/ast.dart:4014:50)
[async_value_nullable_pattern] 2025-10-23T16:30:34.941588 #84     LibraryAnalyzer._computeVerifyErrors (package:analyzer/src/dart/analysis/library_analyzer.dart:479:10)
[async_value_nullable_pattern] 2025-10-23T16:30:34.941588 #85     LibraryAnalyzer._computeDiagnostics (package:analyzer/src/dart/analysis/library_analyzer.dart:330:7)
[async_value_nullable_pattern] 2025-10-23T16:30:34.941588 #86     LibraryAnalyzer.analyze.<anonymous closure> (package:analyzer/src/dart/analysis/library_analyzer.dart:125:7)
[async_value_nullable_pattern] 2025-10-23T16:30:34.941588 #87     OperationPerformanceImpl.run (package:analyzer/src/util/performance/operation_performance.dart:150:23)
[async_value_nullable_pattern] 2025-10-23T16:30:34.941588 #88     LibraryAnalyzer.analyze (package:analyzer/src/dart/analysis/library_analyzer.dart:124:17)
[async_value_nullable_pattern] 2025-10-23T16:30:34.941588 #89     AnalysisDriver._analyzeFileImpl.<anonymous closure>.<anonymous closure> (package:analyzer/src/dart/analysis/driver.dart:1376:13)
[async_value_nullable_pattern] 2025-10-23T16:30:34.941588 #90     OperationPerformanceImpl.run (package:analyzer/src/util/performance/operation_performance.dart:150:23)
[async_value_nullable_pattern] 2025-10-23T16:30:34.941588 #91     AnalysisDriver._analyzeFileImpl.<anonymous closure> (package:analyzer/src/dart/analysis/driver.dart:1365:35)
[async_value_nullable_pattern] 2025-10-23T16:30:34.941588 #92     PerformanceLog.run (package:analyzer/src/dart/analysis/performance_logger.dart:38:15)
[async_value_nullable_pattern] 2025-10-23T16:30:34.941588 #93     AnalysisDriver._analyzeFileImpl (package:analyzer/src/dart/analysis/driver.dart:1311:20)
[async_value_nullable_pattern] 2025-10-23T16:30:34.941588 #94     AnalysisDriver._analyzeFile.<anonymous closure> (package:analyzer/src/dart/analysis/driver.dart:1292:7)
[async_value_nullable_pattern] 2025-10-23T16:30:34.941588 #95     OperationPerformanceImpl.run (package:analyzer/src/util/performance/operation_performance.dart:150:23)
[async_value_nullable_pattern] 2025-10-23T16:30:34.941588 #96     AnalysisDriver._analyzeFile (package:analyzer/src/dart/analysis/driver.dart:1291:38)
[async_value_nullable_pattern] 2025-10-23T16:30:34.941588 #97     AnalysisDriver.performWork (package:analyzer/src/dart/analysis/driver.dart:1188:7)
[async_value_nullable_pattern] 2025-10-23T16:30:34.941588 #98     AnalysisDriverScheduler._run (package:analyzer/src/dart/analysis/driver.dart:2623:24)
[async_value_nullable_pattern] 2025-10-23T16:30:34.941588 <asynchronous suspension>
[async_value_nullable_pattern] 2025-10-23T16:30:34.941588
[async_value_nullable_pattern] 2025-10-23T16:30:34.942523 Plugin async_value_nullable_pattern threw while analyzing /Users/xiaofeng/Documents/program/flutter_eg_1/lib/config/router.dart:
[async_value_nullable_pattern] 2025-10-23T16:30:34.942523 Null check operator used on a null value
[async_value_nullable_pattern] 2025-10-23T16:30:34.942523 #0      RequiredParametersVerifier._check (package:analyzer/src/error/required_parameters_verifier.dart:147:46)
[async_value_nullable_pattern] 2025-10-23T16:30:34.942523 #1      RequiredParametersVerifier.visitInstanceCreationExpression (package:analyzer/src/error/required_parameters_verifier.dart:83:5)
[async_value_nullable_pattern] 2025-10-23T16:30:34.942523 #2      ErrorVerifier.visitInstanceCreationExpression (package:analyzer/src/generated/error_verifier.dart:1154:35)
[async_value_nullable_pattern] 2025-10-23T16:30:34.942523 #3      InstanceCreationExpressionImpl.accept (package:analyzer/src/dart/ast/ast.dart:13812:15)
[async_value_nullable_pattern] 2025-10-23T16:30:34.942523 #4      ReturnStatementImpl.visitChildren (package:analyzer/src/dart/ast/ast.dart:21124:17)
[async_value_nullable_pattern] 2025-10-23T16:30:34.942523 #5      RecursiveAstVisitor.visitReturnStatement (package:analyzer/dart/ast/visitor.g.dart:1557:10)
[async_value_nullable_pattern] 2025-10-23T16:30:34.942523 #6      ErrorVerifier.visitReturnStatement (package:analyzer/src/generated/error_verifier.dart:1445:11)
[async_value_nullable_pattern] 2025-10-23T16:30:34.942523 #7      ReturnStatementImpl.accept (package:analyzer/src/dart/ast/ast.dart:21119:50)
[async_value_nullable_pattern] 2025-10-23T16:30:34.942523 #8      NodeListImpl.accept (package:analyzer/src/dart/ast/ast.dart:17347:20)
[async_value_nullable_pattern] 2025-10-23T16:30:34.942523 #9      BlockImpl.visitChildren (package:analyzer/src/dart/ast/ast.dart:1947:16)
[async_value_nullable_pattern] 2025-10-23T16:30:34.942523 #10     RecursiveAstVisitor.visitBlock (package:analyzer/dart/ast/visitor.g.dart:779:10)
[async_value_nullable_pattern] 2025-10-23T16:30:34.942523 #11     ErrorVerifier.visitBlock.<anonymous closure> (package:analyzer/src/generated/error_verifier.dart:449:13)
[async_value_nullable_pattern] 2025-10-23T16:30:34.942523 #12     ErrorVerifier._withHiddenElements (package:analyzer/src/generated/error_verifier.dart:6377:8)
[async_value_nullable_pattern] 2025-10-23T16:30:34.942523 #13     ErrorVerifier.visitBlock (package:analyzer/src/generated/error_verifier.dart:447:5)
[async_value_nullable_pattern] 2025-10-23T16:30:34.942523 #14     BlockImpl.accept (package:analyzer/src/dart/ast/ast.dart:1942:50)
[async_value_nullable_pattern] 2025-10-23T16:30:34.942523 #15     BlockFunctionBodyImpl.visitChildren (package:analyzer/src/dart/ast/ast.dart:1876:11)
[async_value_nullable_pattern] 2025-10-23T16:30:34.942523 #16     RecursiveAstVisitor.visitBlockFunctionBody (package:analyzer/dart/ast/visitor.g.dart:785:10)
[async_value_nullable_pattern] 2025-10-23T16:30:34.942523 #17     ErrorVerifier.visitBlockFunctionBody (package:analyzer/src/generated/error_verifier.dart:458:13)
[async_value_nullable_pattern] 2025-10-23T16:30:34.942523 #18     BlockFunctionBodyImpl.accept (package:analyzer/src/dart/ast/ast.dart:1867:50)
[async_value_nullable_pattern] 2025-10-23T16:30:34.942523 #19     FunctionExpressionImpl.visitChildren (package:analyzer/src/dart/ast/ast.dart:11161:10)
[async_value_nullable_pattern] 2025-10-23T16:30:34.942523 #20     RecursiveAstVisitor.visitFunctionExpression (package:analyzer/dart/ast/visitor.g.dart:1129:10)
[async_value_nullable_pattern] 2025-10-23T16:30:34.942523 #21     ErrorVerifier.visitFunctionExpression.<anonymous closure> (package:analyzer/src/generated/error_verifier.dart:1023:17)
[async_value_nullable_pattern] 2025-10-23T16:30:34.942523 #22     ErrorVerifier._withEnclosingExecutable (package:analyzer/src/generated/error_verifier.dart:6367:16)
[async_value_nullable_pattern] 2025-10-23T16:30:34.942523 #23     ErrorVerifier.visitFunctionExpression (package:analyzer/src/generated/error_verifier.dart:1020:7)
[async_value_nullable_pattern] 2025-10-23T16:30:34.942523 #24     FunctionExpressionImpl.accept (package:analyzer/src/dart/ast/ast.dart:11148:50)
[async_value_nullable_pattern] 2025-10-23T16:30:34.942523 #25     NamedExpressionImpl.visitChildren (package:analyzer/src/dart/ast/ast.dart:16779:16)
[async_value_nullable_pattern] 2025-10-23T16:30:34.942523 #26     RecursiveAstVisitor.visitNamedExpression (package:analyzer/dart/ast/visitor.g.dart:1345:10)
[async_value_nullable_pattern] 2025-10-23T16:30:34.942523 #27     NamedExpressionImpl.accept (package:analyzer/src/dart/ast/ast.dart:16767:50)
[async_value_nullable_pattern] 2025-10-23T16:30:34.942523 #28     NodeListImpl.accept (package:analyzer/src/dart/ast/ast.dart:17347:20)
[async_value_nullable_pattern] 2025-10-23T16:30:34.942523 #29     ArgumentListImpl.visitChildren (package:analyzer/src/dart/ast/ast.dart:588:15)
[async_value_nullable_pattern] 2025-10-23T16:30:34.942523 #30     RecursiveAstVisitor.visitArgumentList (package:analyzer/dart/ast/visitor.g.dart:731:10)
[async_value_nullable_pattern] 2025-10-23T16:30:34.942523 #31     ArgumentListImpl.accept (package:analyzer/src/dart/ast/ast.dart:583:50)
[async_value_nullable_pattern] 2025-10-23T16:30:34.942523 #32     InstanceCreationExpressionImpl.visitChildren (package:analyzer/src/dart/ast/ast.dart:13825:18)
[async_value_nullable_pattern] 2025-10-23T16:30:34.942523 #33     RecursiveAstVisitor.visitInstanceCreationExpression (package:analyzer/dart/ast/visitor.g.dart:1225:10)
[async_value_nullable_pattern] 2025-10-23T16:30:34.942523 #34     ErrorVerifier.visitInstanceCreationExpression (package:analyzer/src/generated/error_verifier.dart:1173:11)
[async_value_nullable_pattern] 2025-10-23T16:30:34.942523 #35     InstanceCreationExpressionImpl.accept (package:analyzer/src/dart/ast/ast.dart:13812:15)
[async_value_nullable_pattern] 2025-10-23T16:30:34.942523 #36     NodeListImpl.accept (package:analyzer/src/dart/ast/ast.dart:17347:20)
[async_value_nullable_pattern] 2025-10-23T16:30:34.942523 #37     ListLiteralImpl.visitChildren (package:analyzer/src/dart/ast/ast.dart:14907:14)
[async_value_nullable_pattern] 2025-10-23T16:30:34.942523 #38     RecursiveAstVisitor.visitListLiteral (package:analyzer/dart/ast/visitor.g.dart:1279:10)
[async_value_nullable_pattern] 2025-10-23T16:30:34.942523 #39     ErrorVerifier.visitListLiteral (package:analyzer/src/generated/error_verifier.dart:1200:11)
[async_value_nullable_pattern] 2025-10-23T16:30:34.942523 #40     ListLiteralImpl.accept (package:analyzer/src/dart/ast/ast.dart:14895:50)
[async_value_nullable_pattern] 2025-10-23T16:30:34.942523 #41     NamedExpressionImpl.visitChildren (package:analyzer/src/dart/ast/ast.dart:16779:16)
[async_value_nullable_pattern] 2025-10-23T16:30:34.942523 #42     RecursiveAstVisitor.visitNamedExpression (package:analyzer/dart/ast/visitor.g.dart:1345:10)
[async_value_nullable_pattern] 2025-10-23T16:30:34.942523 #43     NamedExpressionImpl.accept (package:analyzer/src/dart/ast/ast.dart:16767:50)
[async_value_nullable_pattern] 2025-10-23T16:30:34.942523 #44     NodeListImpl.accept (package:analyzer/src/dart/ast/ast.dart:17347:20)
[async_value_nullable_pattern] 2025-10-23T16:30:34.942523 #45     ArgumentListImpl.visitChildren (package:analyzer/src/dart/ast/ast.dart:588:15)
[async_value_nullable_pattern] 2025-10-23T16:30:34.942523 #46     RecursiveAstVisitor.visitArgumentList (package:analyzer/dart/ast/visitor.g.dart:731:10)
[async_value_nullable_pattern] 2025-10-23T16:30:34.942523 #47     ArgumentListImpl.accept (package:analyzer/src/dart/ast/ast.dart:583:50)
[async_value_nullable_pattern] 2025-10-23T16:30:34.942523 #48     InstanceCreationExpressionImpl.visitChildren (package:analyzer/src/dart/ast/ast.dart:13825:18)
[async_value_nullable_pattern] 2025-10-23T16:30:34.942523 #49     RecursiveAstVisitor.visitInstanceCreationExpression (package:analyzer/dart/ast/visitor.g.dart:1225:10)
[async_value_nullable_pattern] 2025-10-23T16:30:34.942523 #50     ErrorVerifier.visitInstanceCreationExpression (package:analyzer/src/generated/error_verifier.dart:1173:11)
[async_value_nullable_pattern] 2025-10-23T16:30:34.942523 #51     InstanceCreationExpressionImpl.accept (package:analyzer/src/dart/ast/ast.dart:13812:15)
[async_value_nullable_pattern] 2025-10-23T16:30:34.942523 #52     NodeListImpl.accept (package:analyzer/src/dart/ast/ast.dart:17347:20)
[async_value_nullable_pattern] 2025-10-23T16:30:34.942523 #53     ListLiteralImpl.visitChildren (package:analyzer/src/dart/ast/ast.dart:14907:14)
[async_value_nullable_pattern] 2025-10-23T16:30:34.942523 #54     RecursiveAstVisitor.visitListLiteral (package:analyzer/dart/ast/visitor.g.dart:1279:10)
[async_value_nullable_pattern] 2025-10-23T16:30:34.942523 #55     ErrorVerifier.visitListLiteral (package:analyzer/src/generated/error_verifier.dart:1200:11)
[async_value_nullable_pattern] 2025-10-23T16:30:34.942523 #56     ListLiteralImpl.accept (package:analyzer/src/dart/ast/ast.dart:14895:50)
[async_value_nullable_pattern] 2025-10-23T16:30:34.942523 #57     NamedExpressionImpl.visitChildren (package:analyzer/src/dart/ast/ast.dart:16779:16)
[async_value_nullable_pattern] 2025-10-23T16:30:34.942523 #58     RecursiveAstVisitor.visitNamedExpression (package:analyzer/dart/ast/visitor.g.dart:1345:10)
[async_value_nullable_pattern] 2025-10-23T16:30:34.942523 #59     NamedExpressionImpl.accept (package:analyzer/src/dart/ast/ast.dart:16767:50)
[async_value_nullable_pattern] 2025-10-23T16:30:34.942523 #60     NodeListImpl.accept (package:analyzer/src/dart/ast/ast.dart:17347:20)
[async_value_nullable_pattern] 2025-10-23T16:30:34.942523 #61     ArgumentListImpl.visitChildren (package:analyzer/src/dart/ast/ast.dart:588:15)
[async_value_nullable_pattern] 2025-10-23T16:30:34.942523 #62     RecursiveAstVisitor.visitArgumentList (package:analyzer/dart/ast/visitor.g.dart:731:10)
[async_value_nullable_pattern] 2025-10-23T16:30:34.942523 #63     ArgumentListImpl.accept (package:analyzer/src/dart/ast/ast.dart:583:50)
[async_value_nullable_pattern] 2025-10-23T16:30:34.942523 #64     InstanceCreationExpressionImpl.visitChildren (package:analyzer/src/dart/ast/ast.dart:13825:18)
[async_value_nullable_pattern] 2025-10-23T16:30:34.942523 #65     RecursiveAstVisitor.visitInstanceCreationExpression (package:analyzer/dart/ast/visitor.g.dart:1225:10)
[async_value_nullable_pattern] 2025-10-23T16:30:34.942523 #66     ErrorVerifier.visitInstanceCreationExpression (package:analyzer/src/generated/error_verifier.dart:1173:11)
[async_value_nullable_pattern] 2025-10-23T16:30:34.942523 #67     InstanceCreationExpressionImpl.accept (package:analyzer/src/dart/ast/ast.dart:13812:15)
[async_value_nullable_pattern] 2025-10-23T16:30:34.942523 #68     ErrorVerifier.visitVariableDeclaration (package:analyzer/src/generated/error_verifier.dart:1670:25)
[async_value_nullable_pattern] 2025-10-23T16:30:34.942523 #69     VariableDeclarationImpl.accept (package:analyzer/src/dart/ast/ast.dart:24957:50)
[async_value_nullable_pattern] 2025-10-23T16:30:34.942523 #70     NodeListImpl.accept (package:analyzer/src/dart/ast/ast.dart:17347:20)
[async_value_nullable_pattern] 2025-10-23T16:30:34.942523 #71     VariableDeclarationListImpl.visitChildren (package:analyzer/src/dart/ast/ast.dart:25136:15)
[async_value_nullable_pattern] 2025-10-23T16:30:34.942523 #72     RecursiveAstVisitor.visitVariableDeclarationList (package:analyzer/dart/ast/visitor.g.dart:1725:10)
[async_value_nullable_pattern] 2025-10-23T16:30:34.942523 #73     ErrorVerifier.visitVariableDeclarationList (package:analyzer/src/generated/error_verifier.dart:1689:11)
[async_value_nullable_pattern] 2025-10-23T16:30:34.942523 #74     VariableDeclarationListImpl.accept (package:analyzer/src/dart/ast/ast.dart:25129:15)
[async_value_nullable_pattern] 2025-10-23T16:30:34.942523 #75     TopLevelVariableDeclarationImpl.visitChildren (package:analyzer/src/dart/ast/ast.dart:23956:15)
[async_value_nullable_pattern] 2025-10-23T16:30:34.942523 #76     RecursiveAstVisitor.visitTopLevelVariableDeclaration (package:analyzer/dart/ast/visitor.g.dart:1683:10)
[async_value_nullable_pattern] 2025-10-23T16:30:34.942523 #77     ErrorVerifier.visitTopLevelVariableDeclaration (package:analyzer/src/generated/error_verifier.dart:1628:11)
[async_value_nullable_pattern] 2025-10-23T16:30:34.942523 #78     TopLevelVariableDeclarationImpl.accept (package:analyzer/src/dart/ast/ast.dart:23950:15)
[async_value_nullable_pattern] 2025-10-23T16:30:34.942523 #79     NodeListImpl.accept (package:analyzer/src/dart/ast/ast.dart:17347:20)
[async_value_nullable_pattern] 2025-10-23T16:30:34.942523 #80     CompilationUnitImpl.visitChildren (package:analyzer/src/dart/ast/ast.dart:4037:21)
[async_value_nullable_pattern] 2025-10-23T16:30:34.942523 #81     RecursiveAstVisitor.visitCompilationUnit (package:analyzer/dart/ast/visitor.g.dart:857:10)
[async_value_nullable_pattern] 2025-10-23T16:30:34.942523 #82     ErrorVerifier.visitCompilationUnit (package:analyzer/src/generated/error_verifier.dart:621:11)
[async_value_nullable_pattern] 2025-10-23T16:30:34.942523 #83     CompilationUnitImpl.accept (package:analyzer/src/dart/ast/ast.dart:4014:50)
[async_value_nullable_pattern] 2025-10-23T16:30:34.942523 #84     LibraryAnalyzer._computeVerifyErrors (package:analyzer/src/dart/analysis/library_analyzer.dart:479:10)
[async_value_nullable_pattern] 2025-10-23T16:30:34.942523 #85     LibraryAnalyzer._computeDiagnostics (package:analyzer/src/dart/analysis/library_analyzer.dart:330:7)
[async_value_nullable_pattern] 2025-10-23T16:30:34.942523 #86     LibraryAnalyzer.analyze.<anonymous closure> (package:analyzer/src/dart/analysis/library_analyzer.dart:125:7)
[async_value_nullable_pattern] 2025-10-23T16:30:34.942523 #87     OperationPerformanceImpl.run (package:analyzer/src/util/performance/operation_performance.dart:150:23)
[async_value_nullable_pattern] 2025-10-23T16:30:34.942523 #88     LibraryAnalyzer.analyze (package:analyzer/src/dart/analysis/library_analyzer.dart:124:17)
[async_value_nullable_pattern] 2025-10-23T16:30:34.942523 #89     AnalysisDriver._analyzeFileImpl.<anonymous closure>.<anonymous closure> (package:analyzer/src/dart/analysis/driver.dart:1376:13)
[async_value_nullable_pattern] 2025-10-23T16:30:34.942523 #90     OperationPerformanceImpl.run (package:analyzer/src/util/performance/operation_performance.dart:150:23)
[async_value_nullable_pattern] 2025-10-23T16:30:34.942523 #91     AnalysisDriver._analyzeFileImpl.<anonymous closure> (package:analyzer/src/dart/analysis/driver.dart:1365:35)
[async_value_nullable_pattern] 2025-10-23T16:30:34.942523 #92     PerformanceLog.run (package:analyzer/src/dart/analysis/performance_logger.dart:38:15)
[async_value_nullable_pattern] 2025-10-23T16:30:34.942523 #93     AnalysisDriver._analyzeFileImpl (package:analyzer/src/dart/analysis/driver.dart:1311:20)
[async_value_nullable_pattern] 2025-10-23T16:30:34.942523 #94     AnalysisDriver._analyzeFile.<anonymous closure> (package:analyzer/src/dart/analysis/driver.dart:1292:7)
[async_value_nullable_pattern] 2025-10-23T16:30:34.942523 #95     OperationPerformanceImpl.run (package:analyzer/src/util/performance/operation_performance.dart:150:23)
[async_value_nullable_pattern] 2025-10-23T16:30:34.942523 #96     AnalysisDriver._analyzeFile (package:analyzer/src/dart/analysis/driver.dart:1291:38)
[async_value_nullable_pattern] 2025-10-23T16:30:34.942523 #97     AnalysisDriver.performWork (package:analyzer/src/dart/analysis/driver.dart:1188:7)
[async_value_nullable_pattern] 2025-10-23T16:30:34.942523 #98     AnalysisDriverScheduler._run (package:analyzer/src/dart/analysis/driver.dart:2623:24)
[async_value_nullable_pattern] 2025-10-23T16:30:34.942523 <asynchronous suspension>
[async_value_nullable_pattern] 2025-10-23T16:30:34.942523
[async_value_nullable_pattern] 2025-10-23T16:30:35.088858 Plugin async_value_nullable_pattern threw while analyzing /Users/xiaofeng/Documents/program/flutter_eg_1/lib/config/router.dart:
[async_value_nullable_pattern] 2025-10-23T16:30:35.088858 Null check operator used on a null value
[async_value_nullable_pattern] 2025-10-23T16:30:35.088858 #0      RequiredParametersVerifier._check (package:analyzer/src/error/required_parameters_verifier.dart:147:46)
[async_value_nullable_pattern] 2025-10-23T16:30:35.088858 #1      RequiredParametersVerifier.visitInstanceCreationExpression (package:analyzer/src/error/required_parameters_verifier.dart:83:5)
[async_value_nullable_pattern] 2025-10-23T16:30:35.088858 #2      ErrorVerifier.visitInstanceCreationExpression (package:analyzer/src/generated/error_verifier.dart:1154:35)
[async_value_nullable_pattern] 2025-10-23T16:30:35.088858 #3      InstanceCreationExpressionImpl.accept (package:analyzer/src/dart/ast/ast.dart:13812:15)
[async_value_nullable_pattern] 2025-10-23T16:30:35.088858 #4      ReturnStatementImpl.visitChildren (package:analyzer/src/dart/ast/ast.dart:21124:17)
[async_value_nullable_pattern] 2025-10-23T16:30:35.088858 #5      RecursiveAstVisitor.visitReturnStatement (package:analyzer/dart/ast/visitor.g.dart:1557:10)
[async_value_nullable_pattern] 2025-10-23T16:30:35.088858 #6      ErrorVerifier.visitReturnStatement (package:analyzer/src/generated/error_verifier.dart:1445:11)
[async_value_nullable_pattern] 2025-10-23T16:30:35.088858 #7      ReturnStatementImpl.accept (package:analyzer/src/dart/ast/ast.dart:21119:50)
[async_value_nullable_pattern] 2025-10-23T16:30:35.088858 #8      NodeListImpl.accept (package:analyzer/src/dart/ast/ast.dart:17347:20)
[async_value_nullable_pattern] 2025-10-23T16:30:35.088858 #9      BlockImpl.visitChildren (package:analyzer/src/dart/ast/ast.dart:1947:16)
[async_value_nullable_pattern] 2025-10-23T16:30:35.088858 #10     RecursiveAstVisitor.visitBlock (package:analyzer/dart/ast/visitor.g.dart:779:10)
[async_value_nullable_pattern] 2025-10-23T16:30:35.088858 #11     ErrorVerifier.visitBlock.<anonymous closure> (package:analyzer/src/generated/error_verifier.dart:449:13)
[async_value_nullable_pattern] 2025-10-23T16:30:35.088858 #12     ErrorVerifier._withHiddenElements (package:analyzer/src/generated/error_verifier.dart:6377:8)
[async_value_nullable_pattern] 2025-10-23T16:30:35.088858 #13     ErrorVerifier.visitBlock (package:analyzer/src/generated/error_verifier.dart:447:5)
[async_value_nullable_pattern] 2025-10-23T16:30:35.088858 #14     BlockImpl.accept (package:analyzer/src/dart/ast/ast.dart:1942:50)
[async_value_nullable_pattern] 2025-10-23T16:30:35.088858 #15     BlockFunctionBodyImpl.visitChildren (package:analyzer/src/dart/ast/ast.dart:1876:11)
[async_value_nullable_pattern] 2025-10-23T16:30:35.088858 #16     RecursiveAstVisitor.visitBlockFunctionBody (package:analyzer/dart/ast/visitor.g.dart:785:10)
[async_value_nullable_pattern] 2025-10-23T16:30:35.088858 #17     ErrorVerifier.visitBlockFunctionBody (package:analyzer/src/generated/error_verifier.dart:458:13)
[async_value_nullable_pattern] 2025-10-23T16:30:35.088858 #18     BlockFunctionBodyImpl.accept (package:analyzer/src/dart/ast/ast.dart:1867:50)
[async_value_nullable_pattern] 2025-10-23T16:30:35.088858 #19     FunctionExpressionImpl.visitChildren (package:analyzer/src/dart/ast/ast.dart:11161:10)
[async_value_nullable_pattern] 2025-10-23T16:30:35.088858 #20     RecursiveAstVisitor.visitFunctionExpression (package:analyzer/dart/ast/visitor.g.dart:1129:10)
[async_value_nullable_pattern] 2025-10-23T16:30:35.088858 #21     ErrorVerifier.visitFunctionExpression.<anonymous closure> (package:analyzer/src/generated/error_verifier.dart:1023:17)
[async_value_nullable_pattern] 2025-10-23T16:30:35.088858 #22     ErrorVerifier._withEnclosingExecutable (package:analyzer/src/generated/error_verifier.dart:6367:16)
[async_value_nullable_pattern] 2025-10-23T16:30:35.088858 #23     ErrorVerifier.visitFunctionExpression (package:analyzer/src/generated/error_verifier.dart:1020:7)
[async_value_nullable_pattern] 2025-10-23T16:30:35.088858 #24     FunctionExpressionImpl.accept (package:analyzer/src/dart/ast/ast.dart:11148:50)
[async_value_nullable_pattern] 2025-10-23T16:30:35.088858 #25     NamedExpressionImpl.visitChildren (package:analyzer/src/dart/ast/ast.dart:16779:16)
[async_value_nullable_pattern] 2025-10-23T16:30:35.088858 #26     RecursiveAstVisitor.visitNamedExpression (package:analyzer/dart/ast/visitor.g.dart:1345:10)
[async_value_nullable_pattern] 2025-10-23T16:30:35.088858 #27     NamedExpressionImpl.accept (package:analyzer/src/dart/ast/ast.dart:16767:50)
[async_value_nullable_pattern] 2025-10-23T16:30:35.088858 #28     NodeListImpl.accept (package:analyzer/src/dart/ast/ast.dart:17347:20)
[async_value_nullable_pattern] 2025-10-23T16:30:35.088858 #29     ArgumentListImpl.visitChildren (package:analyzer/src/dart/ast/ast.dart:588:15)
[async_value_nullable_pattern] 2025-10-23T16:30:35.088858 #30     RecursiveAstVisitor.visitArgumentList (package:analyzer/dart/ast/visitor.g.dart:731:10)
[async_value_nullable_pattern] 2025-10-23T16:30:35.088858 #31     ArgumentListImpl.accept (package:analyzer/src/dart/ast/ast.dart:583:50)
[async_value_nullable_pattern] 2025-10-23T16:30:35.088858 #32     InstanceCreationExpressionImpl.visitChildren (package:analyzer/src/dart/ast/ast.dart:13825:18)
[async_value_nullable_pattern] 2025-10-23T16:30:35.088858 #33     RecursiveAstVisitor.visitInstanceCreationExpression (package:analyzer/dart/ast/visitor.g.dart:1225:10)
[async_value_nullable_pattern] 2025-10-23T16:30:35.088858 #34     ErrorVerifier.visitInstanceCreationExpression (package:analyzer/src/generated/error_verifier.dart:1173:11)
[async_value_nullable_pattern] 2025-10-23T16:30:35.088858 #35     InstanceCreationExpressionImpl.accept (package:analyzer/src/dart/ast/ast.dart:13812:15)
[async_value_nullable_pattern] 2025-10-23T16:30:35.088858 #36     NodeListImpl.accept (package:analyzer/src/dart/ast/ast.dart:17347:20)
[async_value_nullable_pattern] 2025-10-23T16:30:35.088858 #37     ListLiteralImpl.visitChildren (package:analyzer/src/dart/ast/ast.dart:14907:14)
[async_value_nullable_pattern] 2025-10-23T16:30:35.088858 #38     RecursiveAstVisitor.visitListLiteral (package:analyzer/dart/ast/visitor.g.dart:1279:10)
[async_value_nullable_pattern] 2025-10-23T16:30:35.088858 #39     ErrorVerifier.visitListLiteral (package:analyzer/src/generated/error_verifier.dart:1200:11)
[async_value_nullable_pattern] 2025-10-23T16:30:35.088858 #40     ListLiteralImpl.accept (package:analyzer/src/dart/ast/ast.dart:14895:50)
[async_value_nullable_pattern] 2025-10-23T16:30:35.088858 #41     NamedExpressionImpl.visitChildren (package:analyzer/src/dart/ast/ast.dart:16779:16)
[async_value_nullable_pattern] 2025-10-23T16:30:35.088858 #42     RecursiveAstVisitor.visitNamedExpression (package:analyzer/dart/ast/visitor.g.dart:1345:10)
[async_value_nullable_pattern] 2025-10-23T16:30:35.088858 #43     NamedExpressionImpl.accept (package:analyzer/src/dart/ast/ast.dart:16767:50)
[async_value_nullable_pattern] 2025-10-23T16:30:35.088858 #44     NodeListImpl.accept (package:analyzer/src/dart/ast/ast.dart:17347:20)
[async_value_nullable_pattern] 2025-10-23T16:30:35.088858 #45     ArgumentListImpl.visitChildren (package:analyzer/src/dart/ast/ast.dart:588:15)
[async_value_nullable_pattern] 2025-10-23T16:30:35.088858 #46     RecursiveAstVisitor.visitArgumentList (package:analyzer/dart/ast/visitor.g.dart:731:10)
[async_value_nullable_pattern] 2025-10-23T16:30:35.088858 #47     ArgumentListImpl.accept (package:analyzer/src/dart/ast/ast.dart:583:50)
[async_value_nullable_pattern] 2025-10-23T16:30:35.088858 #48     InstanceCreationExpressionImpl.visitChildren (package:analyzer/src/dart/ast/ast.dart:13825:18)
[async_value_nullable_pattern] 2025-10-23T16:30:35.088858 #49     RecursiveAstVisitor.visitInstanceCreationExpression (package:analyzer/dart/ast/visitor.g.dart:1225:10)
[async_value_nullable_pattern] 2025-10-23T16:30:35.088858 #50     ErrorVerifier.visitInstanceCreationExpression (package:analyzer/src/generated/error_verifier.dart:1173:11)
[async_value_nullable_pattern] 2025-10-23T16:30:35.088858 #51     InstanceCreationExpressionImpl.accept (package:analyzer/src/dart/ast/ast.dart:13812:15)
[async_value_nullable_pattern] 2025-10-23T16:30:35.088858 #52     NodeListImpl.accept (package:analyzer/src/dart/ast/ast.dart:17347:20)
[async_value_nullable_pattern] 2025-10-23T16:30:35.088858 #53     ListLiteralImpl.visitChildren (package:analyzer/src/dart/ast/ast.dart:14907:14)
[async_value_nullable_pattern] 2025-10-23T16:30:35.088858 #54     RecursiveAstVisitor.visitListLiteral (package:analyzer/dart/ast/visitor.g.dart:1279:10)
[async_value_nullable_pattern] 2025-10-23T16:30:35.088858 #55     ErrorVerifier.visitListLiteral (package:analyzer/src/generated/error_verifier.dart:1200:11)
[async_value_nullable_pattern] 2025-10-23T16:30:35.088858 #56     ListLiteralImpl.accept (package:analyzer/src/dart/ast/ast.dart:14895:50)
[async_value_nullable_pattern] 2025-10-23T16:30:35.088858 #57     NamedExpressionImpl.visitChildren (package:analyzer/src/dart/ast/ast.dart:16779:16)
[async_value_nullable_pattern] 2025-10-23T16:30:35.088858 #58     RecursiveAstVisitor.visitNamedExpression (package:analyzer/dart/ast/visitor.g.dart:1345:10)
[async_value_nullable_pattern] 2025-10-23T16:30:35.088858 #59     NamedExpressionImpl.accept (package:analyzer/src/dart/ast/ast.dart:16767:50)
[async_value_nullable_pattern] 2025-10-23T16:30:35.088858 #60     NodeListImpl.accept (package:analyzer/src/dart/ast/ast.dart:17347:20)
[async_value_nullable_pattern] 2025-10-23T16:30:35.088858 #61     ArgumentListImpl.visitChildren (package:analyzer/src/dart/ast/ast.dart:588:15)
[async_value_nullable_pattern] 2025-10-23T16:30:35.088858 #62     RecursiveAstVisitor.visitArgumentList (package:analyzer/dart/ast/visitor.g.dart:731:10)
[async_value_nullable_pattern] 2025-10-23T16:30:35.088858 #63     ArgumentListImpl.accept (package:analyzer/src/dart/ast/ast.dart:583:50)
[async_value_nullable_pattern] 2025-10-23T16:30:35.088858 #64     InstanceCreationExpressionImpl.visitChildren (package:analyzer/src/dart/ast/ast.dart:13825:18)
[async_value_nullable_pattern] 2025-10-23T16:30:35.088858 #65     RecursiveAstVisitor.visitInstanceCreationExpression (package:analyzer/dart/ast/visitor.g.dart:1225:10)
[async_value_nullable_pattern] 2025-10-23T16:30:35.088858 #66     ErrorVerifier.visitInstanceCreationExpression (package:analyzer/src/generated/error_verifier.dart:1173:11)
[async_value_nullable_pattern] 2025-10-23T16:30:35.088858 #67     InstanceCreationExpressionImpl.accept (package:analyzer/src/dart/ast/ast.dart:13812:15)
[async_value_nullable_pattern] 2025-10-23T16:30:35.088858 #68     ErrorVerifier.visitVariableDeclaration (package:analyzer/src/generated/error_verifier.dart:1670:25)
[async_value_nullable_pattern] 2025-10-23T16:30:35.088858 #69     VariableDeclarationImpl.accept (package:analyzer/src/dart/ast/ast.dart:24957:50)
[async_value_nullable_pattern] 2025-10-23T16:30:35.088858 #70     NodeListImpl.accept (package:analyzer/src/dart/ast/ast.dart:17347:20)
[async_value_nullable_pattern] 2025-10-23T16:30:35.088858 #71     VariableDeclarationListImpl.visitChildren (package:analyzer/src/dart/ast/ast.dart:25136:15)
[async_value_nullable_pattern] 2025-10-23T16:30:35.088858 #72     RecursiveAstVisitor.visitVariableDeclarationList (package:analyzer/dart/ast/visitor.g.dart:1725:10)
[async_value_nullable_pattern] 2025-10-23T16:30:35.088858 #73     ErrorVerifier.visitVariableDeclarationList (package:analyzer/src/generated/error_verifier.dart:1689:11)
[async_value_nullable_pattern] 2025-10-23T16:30:35.088858 #74     VariableDeclarationListImpl.accept (package:analyzer/src/dart/ast/ast.dart:25129:15)
[async_value_nullable_pattern] 2025-10-23T16:30:35.088858 #75     TopLevelVariableDeclarationImpl.visitChildren (package:analyzer/src/dart/ast/ast.dart:23956:15)
[async_value_nullable_pattern] 2025-10-23T16:30:35.088858 #76     RecursiveAstVisitor.visitTopLevelVariableDeclaration (package:analyzer/dart/ast/visitor.g.dart:1683:10)
[async_value_nullable_pattern] 2025-10-23T16:30:35.088858 #77     ErrorVerifier.visitTopLevelVariableDeclaration (package:analyzer/src/generated/error_verifier.dart:1628:11)
[async_value_nullable_pattern] 2025-10-23T16:30:35.088858 #78     TopLevelVariableDeclarationImpl.accept (package:analyzer/src/dart/ast/ast.dart:23950:15)
[async_value_nullable_pattern] 2025-10-23T16:30:35.088858 #79     NodeListImpl.accept (package:analyzer/src/dart/ast/ast.dart:17347:20)
[async_value_nullable_pattern] 2025-10-23T16:30:35.088858 #80     CompilationUnitImpl.visitChildren (package:analyzer/src/dart/ast/ast.dart:4037:21)
[async_value_nullable_pattern] 2025-10-23T16:30:35.088858 #81     RecursiveAstVisitor.visitCompilationUnit (package:analyzer/dart/ast/visitor.g.dart:857:10)
[async_value_nullable_pattern] 2025-10-23T16:30:35.088858 #82     ErrorVerifier.visitCompilationUnit (package:analyzer/src/generated/error_verifier.dart:621:11)
[async_value_nullable_pattern] 2025-10-23T16:30:35.088858 #83     CompilationUnitImpl.accept (package:analyzer/src/dart/ast/ast.dart:4014:50)
[async_value_nullable_pattern] 2025-10-23T16:30:35.088858 #84     LibraryAnalyzer._computeVerifyErrors (package:analyzer/src/dart/analysis/library_analyzer.dart:479:10)
[async_value_nullable_pattern] 2025-10-23T16:30:35.088858 #85     LibraryAnalyzer._computeDiagnostics (package:analyzer/src/dart/analysis/library_analyzer.dart:330:7)
[async_value_nullable_pattern] 2025-10-23T16:30:35.088858 #86     LibraryAnalyzer.analyze.<anonymous closure> (package:analyzer/src/dart/analysis/library_analyzer.dart:125:7)
[async_value_nullable_pattern] 2025-10-23T16:30:35.088858 #87     OperationPerformanceImpl.run (package:analyzer/src/util/performance/operation_performance.dart:150:23)
[async_value_nullable_pattern] 2025-10-23T16:30:35.088858 #88     LibraryAnalyzer.analyze (package:analyzer/src/dart/analysis/library_analyzer.dart:124:17)
[async_value_nullable_pattern] 2025-10-23T16:30:35.088858 #89     AnalysisDriver._analyzeFileImpl.<anonymous closure>.<anonymous closure> (package:analyzer/src/dart/analysis/driver.dart:1376:13)
[async_value_nullable_pattern] 2025-10-23T16:30:35.088858 #90     OperationPerformanceImpl.run (package:analyzer/src/util/performance/operation_performance.dart:150:23)
[async_value_nullable_pattern] 2025-10-23T16:30:35.088858 #91     AnalysisDriver._analyzeFileImpl.<anonymous closure> (package:analyzer/src/dart/analysis/driver.dart:1365:35)
[async_value_nullable_pattern] 2025-10-23T16:30:35.088858 #92     PerformanceLog.run (package:analyzer/src/dart/analysis/performance_logger.dart:38:15)
[async_value_nullable_pattern] 2025-10-23T16:30:35.088858 #93     AnalysisDriver._analyzeFileImpl (package:analyzer/src/dart/analysis/driver.dart:1311:20)
[async_value_nullable_pattern] 2025-10-23T16:30:35.088858 #94     AnalysisDriver._analyzeFile.<anonymous closure> (package:analyzer/src/dart/analysis/driver.dart:1292:7)
[async_value_nullable_pattern] 2025-10-23T16:30:35.088858 #95     OperationPerformanceImpl.run (package:analyzer/src/util/performance/operation_performance.dart:150:23)
[async_value_nullable_pattern] 2025-10-23T16:30:35.088858 #96     AnalysisDriver._analyzeFile (package:analyzer/src/dart/analysis/driver.dart:1291:38)
[async_value_nullable_pattern] 2025-10-23T16:30:35.088858 #97     AnalysisDriver.performWork (package:analyzer/src/dart/analysis/driver.dart:1188:7)
[async_value_nullable_pattern] 2025-10-23T16:30:35.088858 #98     AnalysisDriverScheduler._run (package:analyzer/src/dart/analysis/driver.dart:2623:24)
[async_value_nullable_pattern] 2025-10-23T16:30:35.088858 <asynchronous suspension>
[async_value_nullable_pattern] 2025-10-23T16:30:35.088858
[async_value_nullable_pattern] 2025-10-23T16:30:35.089569 Plugin async_value_nullable_pattern threw while analyzing /Users/xiaofeng/Documents/program/flutter_eg_1/lib/config/router.dart:
[async_value_nullable_pattern] 2025-10-23T16:30:35.089569 Null check operator used on a null value
[async_value_nullable_pattern] 2025-10-23T16:30:35.089569 #0      RequiredParametersVerifier._check (package:analyzer/src/error/required_parameters_verifier.dart:147:46)
[async_value_nullable_pattern] 2025-10-23T16:30:35.089569 #1      RequiredParametersVerifier.visitInstanceCreationExpression (package:analyzer/src/error/required_parameters_verifier.dart:83:5)
[async_value_nullable_pattern] 2025-10-23T16:30:35.089569 #2      ErrorVerifier.visitInstanceCreationExpression (package:analyzer/src/generated/error_verifier.dart:1154:35)
[async_value_nullable_pattern] 2025-10-23T16:30:35.089569 #3      InstanceCreationExpressionImpl.accept (package:analyzer/src/dart/ast/ast.dart:13812:15)
[async_value_nullable_pattern] 2025-10-23T16:30:35.089569 #4      ReturnStatementImpl.visitChildren (package:analyzer/src/dart/ast/ast.dart:21124:17)
[async_value_nullable_pattern] 2025-10-23T16:30:35.089569 #5      RecursiveAstVisitor.visitReturnStatement (package:analyzer/dart/ast/visitor.g.dart:1557:10)
[async_value_nullable_pattern] 2025-10-23T16:30:35.089569 #6      ErrorVerifier.visitReturnStatement (package:analyzer/src/generated/error_verifier.dart:1445:11)
[async_value_nullable_pattern] 2025-10-23T16:30:35.089569 #7      ReturnStatementImpl.accept (package:analyzer/src/dart/ast/ast.dart:21119:50)
[async_value_nullable_pattern] 2025-10-23T16:30:35.089569 #8      NodeListImpl.accept (package:analyzer/src/dart/ast/ast.dart:17347:20)
[async_value_nullable_pattern] 2025-10-23T16:30:35.089569 #9      BlockImpl.visitChildren (package:analyzer/src/dart/ast/ast.dart:1947:16)
[async_value_nullable_pattern] 2025-10-23T16:30:35.089569 #10     RecursiveAstVisitor.visitBlock (package:analyzer/dart/ast/visitor.g.dart:779:10)
[async_value_nullable_pattern] 2025-10-23T16:30:35.089569 #11     ErrorVerifier.visitBlock.<anonymous closure> (package:analyzer/src/generated/error_verifier.dart:449:13)
[async_value_nullable_pattern] 2025-10-23T16:30:35.089569 #12     ErrorVerifier._withHiddenElements (package:analyzer/src/generated/error_verifier.dart:6377:8)
[async_value_nullable_pattern] 2025-10-23T16:30:35.089569 #13     ErrorVerifier.visitBlock (package:analyzer/src/generated/error_verifier.dart:447:5)
[async_value_nullable_pattern] 2025-10-23T16:30:35.089569 #14     BlockImpl.accept (package:analyzer/src/dart/ast/ast.dart:1942:50)
[async_value_nullable_pattern] 2025-10-23T16:30:35.089569 #15     BlockFunctionBodyImpl.visitChildren (package:analyzer/src/dart/ast/ast.dart:1876:11)
[async_value_nullable_pattern] 2025-10-23T16:30:35.089569 #16     RecursiveAstVisitor.visitBlockFunctionBody (package:analyzer/dart/ast/visitor.g.dart:785:10)
[async_value_nullable_pattern] 2025-10-23T16:30:35.089569 #17     ErrorVerifier.visitBlockFunctionBody (package:analyzer/src/generated/error_verifier.dart:458:13)
[async_value_nullable_pattern] 2025-10-23T16:30:35.089569 #18     BlockFunctionBodyImpl.accept (package:analyzer/src/dart/ast/ast.dart:1867:50)
[async_value_nullable_pattern] 2025-10-23T16:30:35.089569 #19     FunctionExpressionImpl.visitChildren (package:analyzer/src/dart/ast/ast.dart:11161:10)
[async_value_nullable_pattern] 2025-10-23T16:30:35.089569 #20     RecursiveAstVisitor.visitFunctionExpression (package:analyzer/dart/ast/visitor.g.dart:1129:10)
[async_value_nullable_pattern] 2025-10-23T16:30:35.089569 #21     ErrorVerifier.visitFunctionExpression.<anonymous closure> (package:analyzer/src/generated/error_verifier.dart:1023:17)
[async_value_nullable_pattern] 2025-10-23T16:30:35.089569 #22     ErrorVerifier._withEnclosingExecutable (package:analyzer/src/generated/error_verifier.dart:6367:16)
[async_value_nullable_pattern] 2025-10-23T16:30:35.089569 #23     ErrorVerifier.visitFunctionExpression (package:analyzer/src/generated/error_verifier.dart:1020:7)
[async_value_nullable_pattern] 2025-10-23T16:30:35.089569 #24     FunctionExpressionImpl.accept (package:analyzer/src/dart/ast/ast.dart:11148:50)
[async_value_nullable_pattern] 2025-10-23T16:30:35.089569 #25     NamedExpressionImpl.visitChildren (package:analyzer/src/dart/ast/ast.dart:16779:16)
[async_value_nullable_pattern] 2025-10-23T16:30:35.089569 #26     RecursiveAstVisitor.visitNamedExpression (package:analyzer/dart/ast/visitor.g.dart:1345:10)
[async_value_nullable_pattern] 2025-10-23T16:30:35.089569 #27     NamedExpressionImpl.accept (package:analyzer/src/dart/ast/ast.dart:16767:50)
[async_value_nullable_pattern] 2025-10-23T16:30:35.089569 #28     NodeListImpl.accept (package:analyzer/src/dart/ast/ast.dart:17347:20)
[async_value_nullable_pattern] 2025-10-23T16:30:35.089569 #29     ArgumentListImpl.visitChildren (package:analyzer/src/dart/ast/ast.dart:588:15)
[async_value_nullable_pattern] 2025-10-23T16:30:35.089569 #30     RecursiveAstVisitor.visitArgumentList (package:analyzer/dart/ast/visitor.g.dart:731:10)
[async_value_nullable_pattern] 2025-10-23T16:30:35.089569 #31     ArgumentListImpl.accept (package:analyzer/src/dart/ast/ast.dart:583:50)
[async_value_nullable_pattern] 2025-10-23T16:30:35.089569 #32     InstanceCreationExpressionImpl.visitChildren (package:analyzer/src/dart/ast/ast.dart:13825:18)
[async_value_nullable_pattern] 2025-10-23T16:30:35.089569 #33     RecursiveAstVisitor.visitInstanceCreationExpression (package:analyzer/dart/ast/visitor.g.dart:1225:10)
[async_value_nullable_pattern] 2025-10-23T16:30:35.089569 #34     ErrorVerifier.visitInstanceCreationExpression (package:analyzer/src/generated/error_verifier.dart:1173:11)
[async_value_nullable_pattern] 2025-10-23T16:30:35.089569 #35     InstanceCreationExpressionImpl.accept (package:analyzer/src/dart/ast/ast.dart:13812:15)
[async_value_nullable_pattern] 2025-10-23T16:30:35.089569 #36     NodeListImpl.accept (package:analyzer/src/dart/ast/ast.dart:17347:20)
[async_value_nullable_pattern] 2025-10-23T16:30:35.089569 #37     ListLiteralImpl.visitChildren (package:analyzer/src/dart/ast/ast.dart:14907:14)
[async_value_nullable_pattern] 2025-10-23T16:30:35.089569 #38     RecursiveAstVisitor.visitListLiteral (package:analyzer/dart/ast/visitor.g.dart:1279:10)
[async_value_nullable_pattern] 2025-10-23T16:30:35.089569 #39     ErrorVerifier.visitListLiteral (package:analyzer/src/generated/error_verifier.dart:1200:11)
[async_value_nullable_pattern] 2025-10-23T16:30:35.089569 #40     ListLiteralImpl.accept (package:analyzer/src/dart/ast/ast.dart:14895:50)
[async_value_nullable_pattern] 2025-10-23T16:30:35.089569 #41     NamedExpressionImpl.visitChildren (package:analyzer/src/dart/ast/ast.dart:16779:16)
[async_value_nullable_pattern] 2025-10-23T16:30:35.089569 #42     RecursiveAstVisitor.visitNamedExpression (package:analyzer/dart/ast/visitor.g.dart:1345:10)
[async_value_nullable_pattern] 2025-10-23T16:30:35.089569 #43     NamedExpressionImpl.accept (package:analyzer/src/dart/ast/ast.dart:16767:50)
[async_value_nullable_pattern] 2025-10-23T16:30:35.089569 #44     NodeListImpl.accept (package:analyzer/src/dart/ast/ast.dart:17347:20)
[async_value_nullable_pattern] 2025-10-23T16:30:35.089569 #45     ArgumentListImpl.visitChildren (package:analyzer/src/dart/ast/ast.dart:588:15)
[async_value_nullable_pattern] 2025-10-23T16:30:35.089569 #46     RecursiveAstVisitor.visitArgumentList (package:analyzer/dart/ast/visitor.g.dart:731:10)
[async_value_nullable_pattern] 2025-10-23T16:30:35.089569 #47     ArgumentListImpl.accept (package:analyzer/src/dart/ast/ast.dart:583:50)
[async_value_nullable_pattern] 2025-10-23T16:30:35.089569 #48     InstanceCreationExpressionImpl.visitChildren (package:analyzer/src/dart/ast/ast.dart:13825:18)
[async_value_nullable_pattern] 2025-10-23T16:30:35.089569 #49     RecursiveAstVisitor.visitInstanceCreationExpression (package:analyzer/dart/ast/visitor.g.dart:1225:10)
[async_value_nullable_pattern] 2025-10-23T16:30:35.089569 #50     ErrorVerifier.visitInstanceCreationExpression (package:analyzer/src/generated/error_verifier.dart:1173:11)
[async_value_nullable_pattern] 2025-10-23T16:30:35.089569 #51     InstanceCreationExpressionImpl.accept (package:analyzer/src/dart/ast/ast.dart:13812:15)
[async_value_nullable_pattern] 2025-10-23T16:30:35.089569 #52     NodeListImpl.accept (package:analyzer/src/dart/ast/ast.dart:17347:20)
[async_value_nullable_pattern] 2025-10-23T16:30:35.089569 #53     ListLiteralImpl.visitChildren (package:analyzer/src/dart/ast/ast.dart:14907:14)
[async_value_nullable_pattern] 2025-10-23T16:30:35.089569 #54     RecursiveAstVisitor.visitListLiteral (package:analyzer/dart/ast/visitor.g.dart:1279:10)
[async_value_nullable_pattern] 2025-10-23T16:30:35.089569 #55     ErrorVerifier.visitListLiteral (package:analyzer/src/generated/error_verifier.dart:1200:11)
[async_value_nullable_pattern] 2025-10-23T16:30:35.089569 #56     ListLiteralImpl.accept (package:analyzer/src/dart/ast/ast.dart:14895:50)
[async_value_nullable_pattern] 2025-10-23T16:30:35.089569 #57     NamedExpressionImpl.visitChildren (package:analyzer/src/dart/ast/ast.dart:16779:16)
[async_value_nullable_pattern] 2025-10-23T16:30:35.089569 #58     RecursiveAstVisitor.visitNamedExpression (package:analyzer/dart/ast/visitor.g.dart:1345:10)
[async_value_nullable_pattern] 2025-10-23T16:30:35.089569 #59     NamedExpressionImpl.accept (package:analyzer/src/dart/ast/ast.dart:16767:50)
[async_value_nullable_pattern] 2025-10-23T16:30:35.089569 #60     NodeListImpl.accept (package:analyzer/src/dart/ast/ast.dart:17347:20)
[async_value_nullable_pattern] 2025-10-23T16:30:35.089569 #61     ArgumentListImpl.visitChildren (package:analyzer/src/dart/ast/ast.dart:588:15)
[async_value_nullable_pattern] 2025-10-23T16:30:35.089569 #62     RecursiveAstVisitor.visitArgumentList (package:analyzer/dart/ast/visitor.g.dart:731:10)
[async_value_nullable_pattern] 2025-10-23T16:30:35.089569 #63     ArgumentListImpl.accept (package:analyzer/src/dart/ast/ast.dart:583:50)
[async_value_nullable_pattern] 2025-10-23T16:30:35.089569 #64     InstanceCreationExpressionImpl.visitChildren (package:analyzer/src/dart/ast/ast.dart:13825:18)
[async_value_nullable_pattern] 2025-10-23T16:30:35.089569 #65     RecursiveAstVisitor.visitInstanceCreationExpression (package:analyzer/dart/ast/visitor.g.dart:1225:10)
[async_value_nullable_pattern] 2025-10-23T16:30:35.089569 #66     ErrorVerifier.visitInstanceCreationExpression (package:analyzer/src/generated/error_verifier.dart:1173:11)
[async_value_nullable_pattern] 2025-10-23T16:30:35.089569 #67     InstanceCreationExpressionImpl.accept (package:analyzer/src/dart/ast/ast.dart:13812:15)
[async_value_nullable_pattern] 2025-10-23T16:30:35.089569 #68     ErrorVerifier.visitVariableDeclaration (package:analyzer/src/generated/error_verifier.dart:1670:25)
[async_value_nullable_pattern] 2025-10-23T16:30:35.089569 #69     VariableDeclarationImpl.accept (package:analyzer/src/dart/ast/ast.dart:24957:50)
[async_value_nullable_pattern] 2025-10-23T16:30:35.089569 #70     NodeListImpl.accept (package:analyzer/src/dart/ast/ast.dart:17347:20)
[async_value_nullable_pattern] 2025-10-23T16:30:35.089569 #71     VariableDeclarationListImpl.visitChildren (package:analyzer/src/dart/ast/ast.dart:25136:15)
[async_value_nullable_pattern] 2025-10-23T16:30:35.089569 #72     RecursiveAstVisitor.visitVariableDeclarationList (package:analyzer/dart/ast/visitor.g.dart:1725:10)
[async_value_nullable_pattern] 2025-10-23T16:30:35.089569 #73     ErrorVerifier.visitVariableDeclarationList (package:analyzer/src/generated/error_verifier.dart:1689:11)
[async_value_nullable_pattern] 2025-10-23T16:30:35.089569 #74     VariableDeclarationListImpl.accept (package:analyzer/src/dart/ast/ast.dart:25129:15)
[async_value_nullable_pattern] 2025-10-23T16:30:35.089569 #75     TopLevelVariableDeclarationImpl.visitChildren (package:analyzer/src/dart/ast/ast.dart:23956:15)
[async_value_nullable_pattern] 2025-10-23T16:30:35.089569 #76     RecursiveAstVisitor.visitTopLevelVariableDeclaration (package:analyzer/dart/ast/visitor.g.dart:1683:10)
[async_value_nullable_pattern] 2025-10-23T16:30:35.089569 #77     ErrorVerifier.visitTopLevelVariableDeclaration (package:analyzer/src/generated/error_verifier.dart:1628:11)
[async_value_nullable_pattern] 2025-10-23T16:30:35.089569 #78     TopLevelVariableDeclarationImpl.accept (package:analyzer/src/dart/ast/ast.dart:23950:15)
[async_value_nullable_pattern] 2025-10-23T16:30:35.089569 #79     NodeListImpl.accept (package:analyzer/src/dart/ast/ast.dart:17347:20)
[async_value_nullable_pattern] 2025-10-23T16:30:35.089569 #80     CompilationUnitImpl.visitChildren (package:analyzer/src/dart/ast/ast.dart:4037:21)
[async_value_nullable_pattern] 2025-10-23T16:30:35.089569 #81     RecursiveAstVisitor.visitCompilationUnit (package:analyzer/dart/ast/visitor.g.dart:857:10)
[async_value_nullable_pattern] 2025-10-23T16:30:35.089569 #82     ErrorVerifier.visitCompilationUnit (package:analyzer/src/generated/error_verifier.dart:621:11)
[async_value_nullable_pattern] 2025-10-23T16:30:35.089569 #83     CompilationUnitImpl.accept (package:analyzer/src/dart/ast/ast.dart:4014:50)
[async_value_nullable_pattern] 2025-10-23T16:30:35.089569 #84     LibraryAnalyzer._computeVerifyErrors (package:analyzer/src/dart/analysis/library_analyzer.dart:479:10)
[async_value_nullable_pattern] 2025-10-23T16:30:35.089569 #85     LibraryAnalyzer._computeDiagnostics (package:analyzer/src/dart/analysis/library_analyzer.dart:330:7)
[async_value_nullable_pattern] 2025-10-23T16:30:35.089569 #86     LibraryAnalyzer.analyze.<anonymous closure> (package:analyzer/src/dart/analysis/library_analyzer.dart:125:7)
[async_value_nullable_pattern] 2025-10-23T16:30:35.089569 #87     OperationPerformanceImpl.run (package:analyzer/src/util/performance/operation_performance.dart:150:23)
[async_value_nullable_pattern] 2025-10-23T16:30:35.089569 #88     LibraryAnalyzer.analyze (package:analyzer/src/dart/analysis/library_analyzer.dart:124:17)
[async_value_nullable_pattern] 2025-10-23T16:30:35.089569 #89     AnalysisDriver._analyzeFileImpl.<anonymous closure>.<anonymous closure> (package:analyzer/src/dart/analysis/driver.dart:1376:13)
[async_value_nullable_pattern] 2025-10-23T16:30:35.089569 #90     OperationPerformanceImpl.run (package:analyzer/src/util/performance/operation_performance.dart:150:23)
[async_value_nullable_pattern] 2025-10-23T16:30:35.089569 #91     AnalysisDriver._analyzeFileImpl.<anonymous closure> (package:analyzer/src/dart/analysis/driver.dart:1365:35)
[async_value_nullable_pattern] 2025-10-23T16:30:35.089569 #92     PerformanceLog.run (package:analyzer/src/dart/analysis/performance_logger.dart:38:15)
[async_value_nullable_pattern] 2025-10-23T16:30:35.089569 #93     AnalysisDriver._analyzeFileImpl (package:analyzer/src/dart/analysis/driver.dart:1311:20)
[async_value_nullable_pattern] 2025-10-23T16:30:35.089569 #94     AnalysisDriver._analyzeFile.<anonymous closure> (package:analyzer/src/dart/analysis/driver.dart:1292:7)
[async_value_nullable_pattern] 2025-10-23T16:30:35.089569 #95     OperationPerformanceImpl.run (package:analyzer/src/util/performance/operation_performance.dart:150:23)
[async_value_nullable_pattern] 2025-10-23T16:30:35.089569 #96     AnalysisDriver._analyzeFile (package:analyzer/src/dart/analysis/driver.dart:1291:38)
[async_value_nullable_pattern] 2025-10-23T16:30:35.089569 #97     AnalysisDriver.performWork (package:analyzer/src/dart/analysis/driver.dart:1188:7)
[async_value_nullable_pattern] 2025-10-23T16:30:35.089569 #98     AnalysisDriverScheduler._run (package:analyzer/src/dart/analysis/driver.dart:2623:24)
[async_value_nullable_pattern] 2025-10-23T16:30:35.089569 <asynchronous suspension>
[async_value_nullable_pattern] 2025-10-23T16:30:35.089569
